TN:
SF:src/server.ts
FN:37,(anonymous_1)
FN:53,(anonymous_2)
FN:80,(anonymous_3)
FN:87,(anonymous_4)
FN:90,(anonymous_5)
FN:126,(anonymous_6)
FN:137,(anonymous_7)
FN:169,(anonymous_8)
FN:171,(anonymous_9)
FN:182,(anonymous_10)
FN:196,(anonymous_11)
FN:243,(anonymous_12)
FN:283,(anonymous_13)
FN:288,(anonymous_14)
FN:298,(anonymous_15)
FN:312,(anonymous_16)
FN:314,(anonymous_17)
FN:348,(anonymous_18)
FN:354,(anonymous_19)
FN:360,(anonymous_20)
FN:365,(anonymous_21)
FN:374,(anonymous_22)
FN:384,(anonymous_23)
FN:390,(anonymous_24)
FN:401,(anonymous_25)
FN:409,(anonymous_26)
FNF:26
FNH:16
FNDA:1,(anonymous_1)
FNDA:1,(anonymous_2)
FNDA:21,(anonymous_3)
FNDA:21,(anonymous_4)
FNDA:21,(anonymous_5)
FNDA:0,(anonymous_6)
FNDA:20,(anonymous_7)
FNDA:1,(anonymous_8)
FNDA:3,(anonymous_9)
FNDA:0,(anonymous_10)
FNDA:10,(anonymous_11)
FNDA:5,(anonymous_12)
FNDA:1,(anonymous_13)
FNDA:4,(anonymous_14)
FNDA:1,(anonymous_15)
FNDA:1,(anonymous_16)
FNDA:8,(anonymous_17)
FNDA:0,(anonymous_18)
FNDA:0,(anonymous_19)
FNDA:0,(anonymous_20)
FNDA:0,(anonymous_21)
FNDA:0,(anonymous_22)
FNDA:0,(anonymous_23)
FNDA:0,(anonymous_24)
FNDA:0,(anonymous_25)
FNDA:1,(anonymous_26)
DA:6,1
DA:7,1
DA:8,1
DA:9,1
DA:10,1
DA:11,1
DA:12,1
DA:13,1
DA:14,1
DA:15,1
DA:16,1
DA:17,1
DA:29,1
DA:38,1
DA:39,1
DA:40,1
DA:41,1
DA:42,1
DA:43,1
DA:45,1
DA:46,1
DA:47,1
DA:55,1
DA:74,1
DA:77,1
DA:80,1
DA:81,21
DA:82,21
DA:83,21
DA:87,1
DA:88,21
DA:90,21
DA:91,21
DA:94,21
DA:96,21
DA:110,21
DA:114,1
DA:127,0
DA:130,1
DA:133,1
DA:134,1
DA:137,1
DA:139,20
DA:140,20
DA:141,20
DA:142,0
DA:143,0
DA:144,0
DA:145,0
DA:150,20
DA:151,20
DA:154,20
DA:155,0
DA:156,0
DA:157,0
DA:158,0
DA:162,20
DA:171,1
DA:172,3
DA:182,1
DA:183,0
DA:184,0
DA:185,0
DA:186,0
DA:188,0
DA:189,0
DA:194,1
DA:197,10
DA:198,10
DA:201,10
DA:202,2
DA:203,2
DA:204,2
DA:205,2
DA:208,8
DA:209,1
DA:210,1
DA:211,1
DA:212,1
DA:216,7
DA:217,1
DA:218,1
DA:219,1
DA:220,1
DA:224,6
DA:230,6
DA:235,0
DA:241,1
DA:244,5
DA:245,5
DA:248,5
DA:249,1
DA:250,1
DA:251,1
DA:252,1
DA:255,4
DA:256,1
DA:257,1
DA:258,1
DA:259,1
DA:262,3
DA:263,1
DA:264,1
DA:265,1
DA:266,1
DA:270,2
DA:272,2
DA:277,0
DA:283,1
DA:284,1
DA:285,1
DA:288,4
DA:298,1
DA:299,1
DA:314,1
DA:315,8
DA:316,8
DA:317,8
DA:319,8
DA:336,8
DA:348,1
DA:349,0
DA:350,0
DA:354,1
DA:355,0
DA:356,0
DA:360,1
DA:361,0
DA:362,0
DA:365,1
DA:366,0
DA:367,0
DA:375,0
DA:376,0
DA:377,0
DA:380,0
DA:381,0
DA:384,0
DA:385,0
DA:386,0
DA:387,0
DA:390,0
DA:391,0
DA:392,0
DA:393,0
DA:402,0
DA:403,0
DA:410,1
DA:415,1
DA:416,0
DA:417,0
DA:419,0
DA:420,0
DA:423,1
LF:154
LH:110
BRDA:37,0,0,0
BRDA:37,1,0,0
BRDA:139,2,0,20
BRDA:139,3,0,20
BRDA:139,3,1,20
BRDA:141,4,0,0
BRDA:150,5,0,20
BRDA:150,6,0,20
BRDA:150,6,1,20
BRDA:154,7,0,0
BRDA:201,8,0,2
BRDA:208,9,0,1
BRDA:216,10,0,1
BRDA:248,11,0,1
BRDA:255,12,0,1
BRDA:262,13,0,1
BRDA:315,14,0,8
BRDA:315,14,1,0
BRDA:316,15,0,8
BRDA:316,15,1,1
BRDA:317,16,0,8
BRDA:317,16,1,0
BRDA:375,17,0,0
BRDA:375,17,1,0
BRDA:375,18,0,0
BRDA:375,18,1,0
BRDA:415,19,0,0
BRDA:416,20,0,0
BRDA:416,20,1,0
BRDA:417,21,0,0
BRDA:417,21,1,0
BRF:31
BRH:16
end_of_record
TN:
SF:src/core/captcha-generator.ts
FN:41,(anonymous_0)
FN:68,(anonymous_1)
FN:89,(anonymous_2)
FN:121,(anonymous_3)
FN:146,(anonymous_4)
FN:158,(anonymous_5)
FN:165,(anonymous_6)
FN:173,(anonymous_7)
FN:184,(anonymous_8)
FN:191,(anonymous_9)
FN:198,(anonymous_10)
FN:211,(anonymous_11)
FN:221,(anonymous_12)
FN:225,(anonymous_13)
FN:230,(anonymous_14)
FN:254,(anonymous_15)
FN:291,(anonymous_16)
FN:316,(anonymous_17)
FN:320,(anonymous_18)
FN:330,(anonymous_19)
FN:346,(anonymous_20)
FN:353,(anonymous_21)
FN:360,(anonymous_22)
FN:367,(anonymous_23)
FNF:24
FNH:24
FNDA:318,(anonymous_0)
FNDA:873,(anonymous_1)
FNDA:437,(anonymous_2)
FNDA:418,(anonymous_3)
FNDA:1,(anonymous_4)
FNDA:67,(anonymous_5)
FNDA:177,(anonymous_6)
FNDA:58,(anonymous_7)
FNDA:8,(anonymous_8)
FNDA:75,(anonymous_9)
FNDA:3,(anonymous_10)
FNDA:16,(anonymous_11)
FNDA:11,(anonymous_12)
FNDA:5,(anonymous_13)
FNDA:3,(anonymous_14)
FNDA:4,(anonymous_15)
FNDA:1,(anonymous_16)
FNDA:11,(anonymous_17)
FNDA:12,(anonymous_18)
FNDA:9,(anonymous_19)
FNDA:2,(anonymous_20)
FNDA:1,(anonymous_21)
FNDA:3,(anonymous_22)
FNDA:1,(anonymous_23)
DA:38,14
DA:42,318
DA:73,873
DA:74,873
DA:75,873
DA:77,873
DA:78,26663
DA:79,26663
DA:80,26663
DA:83,873
DA:90,437
DA:91,5
DA:94,432
DA:95,5
DA:98,427
DA:108,427
DA:109,5
DA:112,422
DA:113,422
DA:114,5
DA:126,418
DA:140,418
DA:147,1
DA:154,14
DA:156,67
DA:159,67
DA:166,177
DA:167,177
DA:174,58
DA:175,58
DA:176,3
DA:178,55
DA:185,8
DA:192,75
DA:199,3
DA:200,2
DA:207,14
DA:216,16
DA:217,16
DA:218,16
DA:222,11
DA:227,5
DA:231,3
DA:233,3
DA:236,3
DA:237,6
DA:238,1
DA:241,5
DA:242,5
DA:247,5
DA:248,5
DA:252,2
DA:254,4
DA:277,2
DA:288,2
DA:295,1
DA:305,1
DA:312,14
DA:317,11
DA:321,12
DA:322,11
DA:324,12
DA:335,9
DA:340,9
DA:347,2
DA:354,1
DA:361,3
DA:368,1
LF:68
LH:68
BRDA:70,0,0,826
BRDA:90,1,0,5
BRDA:94,2,0,5
BRDA:108,3,0,5
BRDA:113,4,0,5
BRDA:175,5,0,3
BRDA:237,6,0,1
BRDA:321,7,0,11
BRF:8
BRH:8
end_of_record
TN:
SF:src/core/captcha-service.ts
FN:30,(anonymous_0)
FN:42,(anonymous_1)
FN:52,(anonymous_2)
FN:140,(anonymous_3)
FN:164,(anonymous_4)
FN:274,(anonymous_5)
FN:281,(anonymous_6)
FN:288,(anonymous_7)
FN:295,(anonymous_8)
FN:302,(anonymous_9)
FN:309,(anonymous_10)
FN:314,(anonymous_11)
FN:323,(anonymous_12)
FNF:13
FNH:13
FNDA:35,(anonymous_0)
FNDA:35,(anonymous_1)
FNDA:42,(anonymous_2)
FNDA:3,(anonymous_3)
FNDA:13,(anonymous_4)
FNDA:5,(anonymous_5)
FNDA:15,(anonymous_6)
FNDA:1,(anonymous_7)
FNDA:34,(anonymous_8)
FNDA:10,(anonymous_9)
FNDA:39,(anonymous_10)
FNDA:7,(anonymous_11)
FNDA:7,(anonymous_12)
DA:6,9
DA:16,9
DA:17,9
DA:18,9
DA:19,9
DA:20,9
DA:21,9
DA:22,9
DA:24,9
DA:28,35
DA:31,35
DA:32,35
DA:33,35
DA:36,35
DA:43,35
DA:44,35
DA:45,35
DA:46,35
DA:57,42
DA:59,42
DA:60,3
DA:63,39
DA:64,39
DA:67,39
DA:69,39
DA:87,39
DA:102,39
DA:105,39
DA:122,39
DA:131,3
DA:145,3
DA:146,3
DA:148,3
DA:149,7
DA:150,6
DA:153,2
DA:155,1
DA:169,13
DA:170,13
DA:172,13
DA:173,3
DA:180,10
DA:181,1
DA:188,9
DA:189,1
DA:190,1
DA:197,8
DA:198,1
DA:199,1
DA:206,7
DA:208,7
DA:209,7
DA:211,7
DA:212,2
DA:215,2
DA:232,2
DA:239,5
DA:256,5
DA:263,0
DA:275,5
DA:282,15
DA:289,1
DA:296,34
DA:303,10
DA:310,39
DA:311,39
DA:315,7
DA:316,7
DA:317,7
DA:318,0
DA:320,7
DA:325,7
DA:326,7
DA:328,7
LF:74
LH:72
BRDA:54,0,0,0
BRDA:55,1,0,28
BRDA:59,2,0,3
BRDA:70,3,0,39
BRDA:70,3,1,32
BRDA:71,4,0,39
BRDA:71,4,1,38
BRDA:72,5,0,39
BRDA:72,5,1,39
BRDA:132,6,0,3
BRDA:132,6,1,0
BRDA:142,7,0,0
BRDA:143,8,0,3
BRDA:156,9,0,1
BRDA:156,9,1,0
BRDA:172,10,0,3
BRDA:180,11,0,1
BRDA:188,12,0,1
BRDA:197,13,0,1
BRDA:211,14,0,2
BRDA:211,14,1,5
BRDA:266,15,0,0
BRDA:266,15,1,0
BRDA:317,16,0,0
BRF:24
BRH:17
end_of_record
TN:
SF:src/core/image-captcha-generator.ts
FN:51,(anonymous_0)
FN:84,(anonymous_1)
FN:91,(anonymous_2)
FN:98,(anonymous_3)
FN:149,(anonymous_4)
FN:166,(anonymous_5)
FN:174,(anonymous_6)
FN:192,(anonymous_7)
FN:231,(anonymous_8)
FN:240,(anonymous_9)
FN:261,(anonymous_10)
FN:270,(anonymous_11)
FN:297,(anonymous_12)
FN:306,(anonymous_13)
FN:326,(anonymous_14)
FN:335,(anonymous_15)
FN:369,(anonymous_16)
FN:401,(anonymous_17)
FN:435,(anonymous_18)
FN:440,(anonymous_19)
FN:466,(anonymous_20)
FN:494,(anonymous_21)
FN:506,(anonymous_22)
FN:509,(anonymous_23)
FN:518,(anonymous_24)
FNF:25
FNH:24
FNDA:65,(anonymous_0)
FNDA:37,(anonymous_1)
FNDA:149,(anonymous_2)
FNDA:151,(anonymous_3)
FNDA:2,(anonymous_4)
FNDA:147,(anonymous_5)
FNDA:147,(anonymous_6)
FNDA:38,(anonymous_7)
FNDA:152,(anonymous_8)
FNDA:37,(anonymous_9)
FNDA:148,(anonymous_10)
FNDA:35,(anonymous_11)
FNDA:140,(anonymous_12)
FNDA:37,(anonymous_13)
FNDA:148,(anonymous_14)
FNDA:73,(anonymous_15)
FNDA:37,(anonymous_16)
FNDA:37,(anonymous_17)
FNDA:109,(anonymous_18)
FNDA:872,(anonymous_19)
FNDA:38,(anonymous_20)
FNDA:222,(anonymous_21)
FNDA:147,(anonymous_22)
FNDA:588,(anonymous_23)
FNDA:0,(anonymous_24)
DA:7,10
DA:48,10
DA:52,65
DA:54,65
DA:85,37
DA:92,149
DA:99,151
DA:101,147
DA:102,147
DA:103,147
DA:105,147
DA:107,147
DA:118,147
DA:120,147
DA:150,2
DA:160,2
DA:167,147
DA:168,147
DA:175,147
DA:177,38
DA:179,37
DA:181,35
DA:183,37
DA:185,0
DA:193,38
DA:195,38
DA:196,38
DA:199,38
DA:200,38
DA:202,38
DA:203,151
DA:204,151
DA:205,603
DA:206,169
DA:208,434
DA:214,38
DA:215,38
DA:216,38
DA:217,151
DA:218,603
DA:219,31
DA:224,38
DA:225,38
DA:227,38
DA:231,152
DA:241,37
DA:243,37
DA:250,37
DA:251,37
DA:252,37
DA:254,37
DA:255,37
DA:257,37
DA:261,148
DA:271,35
DA:274,35
DA:275,35
DA:277,35
DA:278,137
DA:279,137
DA:280,541
DA:285,35
DA:286,35
DA:287,35
DA:288,35
DA:290,35
DA:291,35
DA:293,35
DA:297,140
DA:307,37
DA:309,37
DA:310,37
DA:313,37
DA:314,37
DA:315,180
DA:318,37
DA:319,37
DA:320,37
DA:322,37
DA:326,148
DA:336,73
DA:337,73
DA:338,73
DA:339,73
DA:341,73
DA:342,73
DA:344,73
DA:345,288
DA:346,1144
DA:347,1144
DA:348,1144
DA:351,1144
DA:354,1144
DA:355,675
DA:356,469
DA:357,35
DA:362,73
DA:363,73
DA:370,37
DA:371,37
DA:372,37
DA:373,37
DA:375,37
DA:376,37
DA:378,37
DA:379,143
DA:380,143
DA:383,143
DA:386,143
DA:390,37
DA:391,37
DA:392,37
DA:394,37
DA:395,37
DA:402,37
DA:403,37
DA:404,37
DA:405,37
DA:406,37
DA:408,37
DA:409,37
DA:411,37
DA:412,180
DA:413,180
DA:416,180
DA:419,180
DA:423,37
DA:424,37
DA:425,37
DA:426,37
DA:428,37
DA:429,37
DA:436,109
DA:437,109
DA:440,872
DA:443,109
DA:444,109
DA:446,109
DA:447,386
DA:448,386
DA:449,327
DA:451,386
DA:455,109
DA:456,0
DA:457,0
DA:460,109
DA:467,38
DA:469,38
DA:470,38
DA:472,38
DA:473,1856
DA:474,1856
DA:475,1856
DA:476,97
DA:478,1856
DA:482,38
DA:483,17
DA:484,17
DA:485,17
DA:488,38
DA:495,222
DA:496,222
DA:497,892
DA:498,892
DA:500,222
DA:507,147
DA:508,147
DA:509,147
DA:510,588
DA:512,147
DA:520,0
LF:171
LH:167
BRDA:175,0,0,38
BRDA:175,0,1,37
BRDA:175,0,2,35
BRDA:175,0,3,37
BRDA:175,0,4,0
BRDA:205,1,0,169
BRDA:205,1,1,434
BRDA:218,2,0,31
BRDA:354,3,0,675
BRDA:354,3,1,469
BRDA:354,4,0,1144
BRDA:354,4,1,710
BRDA:356,5,0,35
BRDA:446,6,0,495
BRDA:446,6,1,386
BRDA:448,7,0,327
BRDA:472,8,0,1894
BRDA:472,8,1,1873
BRDA:475,9,0,97
BRDA:475,10,0,1856
BRDA:475,10,1,1154
BRF:21
BRH:20
end_of_record
TN:
SF:src/core/logic-captcha-generator.ts
FN:46,(anonymous_0)
FN:74,(anonymous_1)
FN:81,(anonymous_2)
FN:88,(anonymous_3)
FN:139,(anonymous_4)
FN:156,(anonymous_5)
FN:164,(anonymous_6)
FN:182,(anonymous_7)
FN:206,(anonymous_8)
FN:215,(anonymous_9)
FN:219,(anonymous_10)
FN:220,(anonymous_11)
FN:221,(anonymous_12)
FN:222,(anonymous_13)
FN:223,(anonymous_14)
FN:241,(anonymous_15)
FN:250,(anonymous_16)
FN:295,(anonymous_17)
FN:340,(anonymous_18)
FN:357,(anonymous_19)
FN:374,(anonymous_20)
FN:386,(anonymous_21)
FN:388,(anonymous_22)
FN:397,(anonymous_23)
FNF:24
FNH:23
FNDA:61,(anonymous_0)
FNDA:37,(anonymous_1)
FNDA:140,(anonymous_2)
FNDA:142,(anonymous_3)
FNDA:2,(anonymous_4)
FNDA:138,(anonymous_5)
FNDA:138,(anonymous_6)
FNDA:30,(anonymous_7)
FNDA:120,(anonymous_8)
FNDA:32,(anonymous_9)
FNDA:30,(anonymous_10)
FNDA:15,(anonymous_11)
FNDA:25,(anonymous_12)
FNDA:35,(anonymous_13)
FNDA:53,(anonymous_14)
FNDA:128,(anonymous_15)
FNDA:35,(anonymous_16)
FNDA:41,(anonymous_17)
FNDA:30,(anonymous_18)
FNDA:32,(anonymous_19)
FNDA:62,(anonymous_20)
FNDA:138,(anonymous_21)
FNDA:552,(anonymous_22)
FNDA:0,(anonymous_23)
DA:7,10
DA:43,10
DA:47,61
DA:49,61
DA:75,37
DA:82,140
DA:89,142
DA:91,138
DA:92,138
DA:93,138
DA:95,138
DA:97,138
DA:108,138
DA:110,138
DA:140,2
DA:150,2
DA:157,138
DA:158,138
DA:165,138
DA:167,30
DA:169,32
DA:171,35
DA:173,41
DA:175,0
DA:183,30
DA:184,30
DA:197,30
DA:198,30
DA:199,30
DA:201,30
DA:203,30
DA:206,120
DA:216,32
DA:218,32
DA:219,30
DA:220,15
DA:221,25
DA:222,35
DA:223,53
DA:226,32
DA:227,32
DA:229,32
DA:230,32
DA:231,158
DA:232,158
DA:235,32
DA:236,32
DA:238,32
DA:241,128
DA:251,35
DA:253,35
DA:289,35
DA:296,41
DA:334,41
DA:341,30
DA:342,30
DA:344,30
DA:345,100
DA:346,100
DA:347,90
DA:351,30
DA:358,32
DA:360,32
DA:361,165
DA:362,165
DA:363,165
DA:364,96
DA:368,32
DA:375,62
DA:376,62
DA:377,186
DA:378,186
DA:380,62
DA:387,138
DA:388,138
DA:389,552
DA:391,138
DA:399,0
LF:78
LH:76
BRDA:165,0,0,30
BRDA:165,0,1,32
BRDA:165,0,2,35
BRDA:165,0,3,41
BRDA:165,0,4,0
BRDA:346,1,0,90
BRDA:363,2,0,96
BRDA:363,3,0,165
BRDA:363,3,1,133
BRF:9
BRH:8
end_of_record
TN:
SF:src/core/math-captcha-generator.ts
FN:41,(anonymous_0)
FN:70,(anonymous_1)
FN:77,(anonymous_2)
FN:84,(anonymous_3)
FN:135,(anonymous_4)
FN:156,(anonymous_5)
FN:179,(anonymous_6)
FN:191,(anonymous_7)
FN:214,(anonymous_8)
FN:254,(anonymous_9)
FN:302,(anonymous_10)
FN:323,(anonymous_11)
FN:331,(anonymous_12)
FN:338,(anonymous_13)
FN:345,(anonymous_14)
FN:356,(anonymous_15)
FNF:16
FNH:16
FNDA:65,(anonymous_0)
FNDA:37,(anonymous_1)
FNDA:77,(anonymous_2)
FNDA:79,(anonymous_3)
FNDA:2,(anonymous_4)
FNDA:75,(anonymous_5)
FNDA:69,(anonymous_6)
FNDA:152,(anonymous_7)
FNDA:75,(anonymous_8)
FNDA:49,(anonymous_9)
FNDA:149,(anonymous_10)
FNDA:211,(anonymous_11)
FNDA:3,(anonymous_12)
FNDA:4,(anonymous_13)
FNDA:7,(anonymous_14)
FNDA:7,(anonymous_15)
DA:6,10
DA:38,10
DA:42,65
DA:45,65
DA:71,37
DA:78,77
DA:85,79
DA:87,75
DA:88,75
DA:91,75
DA:94,75
DA:106,75
DA:138,2
DA:150,2
DA:157,75
DA:158,75
DA:159,75
DA:162,75
DA:163,75
DA:164,211
DA:168,75
DA:171,75
DA:173,23
DA:174,23
DA:175,46
DA:176,23
DA:179,69
DA:180,23
DA:183,52
DA:185,19
DA:186,19
DA:187,57
DA:188,19
DA:191,152
DA:192,38
DA:196,33
DA:197,33
DA:202,75
DA:204,75
DA:219,75
DA:220,75
DA:221,75
DA:224,75
DA:225,33
DA:226,33
DA:228,33
DA:229,33
DA:230,33
DA:232,33
DA:233,33
DA:234,33
DA:238,42
DA:239,42
DA:240,42
DA:241,42
DA:244,75
DA:259,49
DA:260,49
DA:261,116
DA:262,116
DA:266,49
DA:267,49
DA:268,116
DA:269,116
DA:270,55
DA:271,55
DA:272,55
DA:275,55
DA:276,55
DA:278,61
DA:283,49
DA:284,49
DA:285,49
DA:287,49
DA:288,61
DA:289,61
DA:291,61
DA:292,61
DA:293,61
DA:296,49
DA:303,149
DA:305,49
DA:307,42
DA:309,37
DA:311,21
DA:312,1
DA:314,20
DA:316,0
DA:324,211
DA:325,211
DA:332,3
DA:339,4
DA:347,7
DA:350,7
DA:358,7
DA:359,7
DA:360,0
DA:363,7
DA:364,7
DA:366,7
DA:367,33
DA:368,20
DA:370,13
DA:375,7
DA:376,7
LF:105
LH:103
BRDA:171,0,0,23
BRDA:171,0,1,52
BRDA:175,1,0,23
BRDA:175,1,1,23
BRDA:183,2,0,19
BRDA:183,2,1,33
BRDA:187,3,0,19
BRDA:187,3,1,38
BRDA:224,4,0,33
BRDA:224,4,1,42
BRDA:269,5,0,55
BRDA:269,5,1,61
BRDA:269,6,0,116
BRDA:269,6,1,81
BRDA:303,7,0,49
BRDA:303,7,1,42
BRDA:303,7,2,37
BRDA:303,7,3,21
BRDA:303,7,4,0
BRDA:311,8,0,1
BRDA:359,9,0,0
BRDA:367,10,0,20
BRDA:367,10,1,13
BRF:23
BRH:21
end_of_record
TN:
SF:src/core/text-captcha-generator.ts
FN:40,(anonymous_1)
FN:72,(anonymous_2)
FN:79,(anonymous_3)
FN:86,(anonymous_4)
FN:148,(anonymous_5)
FN:169,(anonymous_6)
FN:186,(anonymous_7)
FN:241,(anonymous_8)
FN:283,(anonymous_9)
FN:312,(anonymous_10)
FN:319,(anonymous_11)
FN:331,(anonymous_12)
FN:338,(anonymous_13)
FNF:13
FNH:13
FNDA:61,(anonymous_1)
FNDA:37,(anonymous_2)
FNDA:48,(anonymous_3)
FNDA:50,(anonymous_4)
FNDA:2,(anonymous_5)
FNDA:46,(anonymous_6)
FNDA:46,(anonymous_7)
FNDA:46,(anonymous_8)
FNDA:46,(anonymous_9)
FNDA:46,(anonymous_10)
FNDA:761,(anonymous_11)
FNDA:2,(anonymous_12)
FNDA:5,(anonymous_13)
DA:6,10
DA:11,10
DA:37,10
DA:41,61
DA:44,61
DA:73,37
DA:80,48
DA:87,50
DA:89,46
DA:90,46
DA:93,46
DA:96,46
DA:99,46
DA:100,46
DA:103,46
DA:106,46
DA:119,46
DA:151,2
DA:163,2
DA:170,46
DA:171,46
DA:172,46
DA:175,46
DA:178,46
DA:180,46
DA:192,46
DA:193,46
DA:196,46
DA:199,46
DA:202,46
DA:205,46
DA:207,46
DA:248,46
DA:249,46
DA:250,46
DA:252,46
DA:253,270
DA:254,270
DA:255,270
DA:258,270
DA:259,270
DA:261,270
DA:263,270
DA:277,46
DA:284,46
DA:285,46
DA:287,46
DA:288,445
DA:289,445
DA:290,445
DA:291,445
DA:292,445
DA:293,445
DA:295,445
DA:306,46
DA:313,46
DA:320,761
DA:321,761
DA:332,2
DA:339,5
LF:60
LH:60
BRF:0
BRH:0
end_of_record
TN:
SF:src/graphql/middleware.ts
FN:59,(anonymous_1)
FN:65,createSecurityLogger
FN:76,authenticateRequest
FN:147,createGraphQLMiddleware
FN:159,(anonymous_5)
FNF:5
FNH:1
FNDA:0,(anonymous_1)
FNDA:0,createSecurityLogger
FNDA:0,authenticateRequest
FNDA:8,createGraphQLMiddleware
FNDA:0,(anonymous_5)
DA:15,1
DA:16,1
DA:17,1
DA:18,1
DA:19,1
DA:20,1
DA:46,1
DA:60,0
DA:66,0
DA:79,0
DA:81,0
DA:82,0
DA:85,0
DA:87,0
DA:88,0
DA:92,0
DA:93,0
DA:102,0
DA:103,0
DA:104,0
DA:116,0
DA:117,0
DA:125,0
DA:130,0
DA:131,0
DA:142,0
DA:147,1
DA:153,8
DA:155,8
DA:160,0
DA:162,0
DA:163,0
DA:167,0
DA:177,0
DA:178,0
DA:179,0
DA:180,0
DA:183,0
DA:185,0
DA:189,0
DA:190,0
DA:194,0
DA:201,1
LF:43
LH:11
BRDA:60,0,0,0
BRDA:60,0,1,0
BRDA:60,0,2,0
BRDA:81,1,0,0
BRDA:87,2,0,0
BRDA:87,3,0,0
BRDA:87,3,1,0
BRDA:95,4,0,0
BRDA:95,4,1,0
BRDA:96,5,0,0
BRDA:96,5,1,0
BRDA:97,6,0,0
BRDA:97,6,1,0
BRDA:103,7,0,0
BRDA:103,8,0,0
BRDA:103,8,1,0
BRDA:105,9,0,0
BRDA:105,9,1,0
BRDA:106,10,0,0
BRDA:106,10,1,0
BRDA:107,11,0,0
BRDA:107,11,1,0
BRDA:108,12,0,0
BRDA:108,12,1,0
BRDA:130,13,0,0
BRDA:132,14,0,0
BRDA:132,14,1,0
BRDA:133,15,0,0
BRDA:133,15,1,0
BRDA:134,16,0,0
BRDA:134,16,1,0
BRDA:135,17,0,0
BRDA:135,17,1,0
BRDA:153,18,0,6
BRDA:153,19,0,8
BRDA:153,19,1,3
BRDA:162,20,0,0
BRDA:162,21,0,0
BRDA:162,21,1,0
BRDA:177,22,0,0
BRDA:177,22,1,0
BRDA:177,23,0,0
BRDA:177,23,1,0
BRDA:177,23,2,0
BRDA:179,24,0,0
BRDA:179,25,0,0
BRDA:179,25,1,0
BRDA:179,25,2,0
BRDA:183,26,0,0
BRDA:183,27,0,0
BRDA:183,27,1,0
BRDA:185,28,0,0
BRDA:185,28,1,0
BRDA:185,28,2,0
BRDA:185,28,3,0
BRDA:185,28,4,0
BRDA:185,28,5,0
BRDA:185,28,6,0
BRDA:185,28,7,0
BRDA:189,29,0,0
BRF:60
BRH:3
end_of_record
TN:
SF:src/graphql/schema.ts
FN:239,getCaptchaService
FN:253,(anonymous_1)
FN:264,(anonymous_2)
FN:267,(anonymous_3)
FN:278,(anonymous_4)
FN:296,(anonymous_5)
FN:314,(anonymous_6)
FN:354,(anonymous_7)
FN:400,(anonymous_8)
FN:405,(anonymous_9)
FN:410,(anonymous_10)
FN:415,(anonymous_11)
FNF:12
FNH:7
FNDA:6,getCaptchaService
FNDA:1,(anonymous_1)
FNDA:1,(anonymous_2)
FNDA:4,(anonymous_3)
FNDA:1,(anonymous_4)
FNDA:0,(anonymous_5)
FNDA:4,(anonymous_6)
FNDA:1,(anonymous_7)
FNDA:0,(anonymous_8)
FNDA:0,(anonymous_9)
FNDA:0,(anonymous_10)
FNDA:0,(anonymous_11)
DA:12,2
DA:24,2
DA:25,2
DA:28,2
DA:31,2
DA:32,2
DA:33,2
DA:34,2
DA:37,2
DA:47,2
DA:56,2
DA:66,2
DA:75,2
DA:85,2
DA:94,2
DA:104,2
DA:114,2
DA:125,2
DA:137,2
DA:147,2
DA:157,2
DA:169,2
DA:182,2
DA:197,2
DA:207,2
DA:218,2
DA:227,2
DA:237,2
DA:240,6
DA:241,1
DA:243,6
DA:247,2
DA:253,1
DA:265,1
DA:266,1
DA:267,4
DA:280,1
DA:298,0
DA:305,2
DA:315,4
DA:316,4
DA:317,4
DA:319,4
DA:329,4
DA:331,4
DA:336,0
DA:337,0
DA:355,1
DA:356,1
DA:357,1
DA:363,1
DA:371,1
DA:373,1
DA:378,0
DA:379,0
DA:394,2
DA:400,0
DA:405,0
DA:410,0
DA:415,0
DA:421,2
LF:61
LH:52
BRDA:240,0,0,1
BRDA:340,1,0,0
BRDA:340,1,1,0
BRDA:341,2,0,0
BRDA:341,2,1,0
BRDA:382,3,0,0
BRDA:382,3,1,0
BRDA:383,4,0,0
BRDA:383,4,1,0
BRF:9
BRH:1
end_of_record
TN:
SF:src/middleware/logging-middleware.ts
FN:14,loggingMiddleware
FN:43,(anonymous_1)
FN:65,(anonymous_2)
FN:79,errorLoggingMiddleware
FN:122,rateLimitLoggingMiddleware
FN:155,securityLoggingMiddleware
FN:212,sanitizeBody
FN:232,sanitizeHeaders
FN:252,isSecurityError
FNF:9
FNH:9
FNDA:12,loggingMiddleware
FNDA:2,(anonymous_1)
FNDA:1,(anonymous_2)
FNDA:7,errorLoggingMiddleware
FNDA:6,rateLimitLoggingMiddleware
FNDA:11,securityLoggingMiddleware
FNDA:12,sanitizeBody
FNDA:12,sanitizeHeaders
FNDA:7,isSecurityError
DA:2,1
DA:3,1
DA:14,1
DA:15,12
DA:18,12
DA:19,12
DA:22,12
DA:25,12
DA:34,12
DA:42,12
DA:43,12
DA:44,2
DA:47,2
DA:55,2
DA:61,2
DA:65,12
DA:66,1
DA:72,12
DA:79,1
DA:85,7
DA:87,7
DA:97,7
DA:100,7
DA:101,4
DA:115,7
DA:122,1
DA:127,6
DA:130,6
DA:131,2
DA:139,2
DA:148,6
DA:155,1
DA:160,11
DA:163,11
DA:173,11
DA:174,11
DA:175,11
DA:177,11
DA:178,47
DA:179,7
DA:187,7
DA:202,7
DA:206,11
DA:213,12
DA:214,0
DA:217,12
DA:218,12
DA:220,12
DA:221,60
DA:222,2
DA:226,12
DA:233,12
DA:234,0
DA:237,12
DA:238,12
DA:240,12
DA:241,36
DA:242,2
DA:246,12
DA:253,7
DA:262,7
DA:271,1
LF:62
LH:60
BRDA:18,0,0,12
BRDA:18,0,1,1
BRDA:27,1,0,12
BRDA:27,1,1,0
BRDA:44,2,0,2
BRDA:44,2,1,0
BRDA:88,3,0,7
BRDA:88,3,1,7
BRDA:88,3,2,0
BRDA:89,4,0,7
BRDA:89,4,1,0
BRDA:100,5,0,4
BRDA:130,6,0,2
BRDA:132,7,0,2
BRDA:132,7,1,1
BRDA:132,7,2,0
BRDA:133,8,0,2
BRDA:133,8,1,0
BRDA:140,9,0,2
BRDA:140,9,1,0
BRDA:142,10,0,2
BRDA:142,10,1,0
BRDA:143,11,0,2
BRDA:143,11,1,0
BRDA:173,12,0,11
BRDA:173,12,1,0
BRDA:174,13,0,11
BRDA:174,13,1,0
BRDA:178,14,0,7
BRDA:178,15,0,47
BRDA:178,15,1,43
BRDA:178,15,2,42
BRDA:181,16,0,7
BRDA:181,16,1,0
BRDA:194,17,0,1
BRDA:194,17,1,6
BRDA:196,18,0,0
BRDA:196,18,1,7
BRDA:213,19,0,0
BRDA:221,20,0,2
BRDA:233,21,0,0
BRDA:241,22,0,2
BRDA:263,23,0,7
BRDA:263,23,1,6
BRDA:263,23,2,6
BRDA:263,23,3,5
BRDA:263,23,4,4
BRF:47
BRH:32
end_of_record
TN:
SF:src/plugins/angular-captcha.component.ts
FN:156,(anonymous_4)
FN:196,(anonymous_5)
FN:203,(anonymous_6)
FN:210,(anonymous_7)
FN:217,(anonymous_8)
FN:224,(anonymous_9)
FN:264,(anonymous_10)
FN:304,(anonymous_11)
FN:323,(anonymous_12)
FN:330,(anonymous_13)
FN:344,(anonymous_14)
FN:348,(anonymous_15)
FN:355,(anonymous_16)
FN:367,(anonymous_17)
FN:374,(anonymous_18)
FN:542,(anonymous_19)
FN:561,(anonymous_20)
FN:573,(anonymous_21)
FN:577,(anonymous_22)
FN:588,(anonymous_23)
FN:606,(anonymous_24)
FN:612,(anonymous_25)
FN:620,(anonymous_26)
FN:626,(anonymous_27)
FN:640,(anonymous_28)
FN:645,(anonymous_29)
FN:655,(anonymous_30)
FN:668,(anonymous_31)
FN:683,(anonymous_32)
FN:698,(anonymous_33)
FN:714,(anonymous_34)
FN:722,(anonymous_35)
FN:730,(anonymous_36)
FN:755,(anonymous_37)
FNF:34
FNH:1
FNDA:0,(anonymous_4)
FNDA:0,(anonymous_5)
FNDA:0,(anonymous_6)
FNDA:0,(anonymous_7)
FNDA:0,(anonymous_8)
FNDA:0,(anonymous_9)
FNDA:0,(anonymous_10)
FNDA:0,(anonymous_11)
FNDA:0,(anonymous_12)
FNDA:0,(anonymous_13)
FNDA:0,(anonymous_14)
FNDA:0,(anonymous_15)
FNDA:0,(anonymous_16)
FNDA:0,(anonymous_17)
FNDA:0,(anonymous_18)
FNDA:0,(anonymous_19)
FNDA:0,(anonymous_20)
FNDA:0,(anonymous_21)
FNDA:0,(anonymous_22)
FNDA:0,(anonymous_23)
FNDA:0,(anonymous_24)
FNDA:0,(anonymous_25)
FNDA:0,(anonymous_26)
FNDA:0,(anonymous_27)
FNDA:0,(anonymous_28)
FNDA:0,(anonymous_29)
FNDA:0,(anonymous_30)
FNDA:0,(anonymous_31)
FNDA:0,(anonymous_32)
FNDA:0,(anonymous_33)
FNDA:0,(anonymous_34)
FNDA:0,(anonymous_35)
FNDA:0,(anonymous_36)
FNDA:5,(anonymous_37)
DA:6,1
DA:21,1
DA:22,1
DA:23,1
DA:63,1
DA:131,1
DA:136,1
DA:149,1
DA:152,0
DA:160,0
DA:162,0
DA:167,0
DA:179,0
DA:197,0
DA:204,0
DA:211,0
DA:218,0
DA:225,0
DA:226,0
DA:228,0
DA:230,0
DA:231,0
DA:236,0
DA:248,0
DA:250,0
DA:252,0
DA:253,0
DA:257,0
DA:265,0
DA:266,0
DA:269,0
DA:270,0
DA:273,0
DA:275,0
DA:276,0
DA:282,0
DA:289,0
DA:291,0
DA:292,0
DA:297,0
DA:305,0
DA:306,0
DA:324,0
DA:331,0
DA:345,0
DA:349,0
DA:350,0
DA:355,0
DA:356,0
DA:357,0
DA:359,0
DA:368,0
DA:369,0
DA:370,0
DA:375,0
DA:512,1
DA:513,1
DA:514,1
DA:515,1
DA:516,1
DA:517,1
DA:518,1
DA:519,1
DA:520,1
DA:521,1
DA:523,1
DA:524,1
DA:525,1
DA:528,0
DA:543,0
DA:544,0
DA:546,0
DA:547,0
DA:548,0
DA:549,0
DA:550,0
DA:552,0
DA:553,0
DA:554,0
DA:555,0
DA:556,0
DA:557,0
DA:558,0
DA:562,0
DA:563,0
DA:564,0
DA:565,0
DA:568,0
DA:569,0
DA:578,0
DA:579,0
DA:580,0
DA:581,0
DA:583,0
DA:584,0
DA:589,0
DA:590,0
DA:593,0
DA:594,0
DA:595,0
DA:596,0
DA:597,0
DA:599,0
DA:601,0
DA:602,0
DA:607,0
DA:608,0
DA:609,0
DA:613,0
DA:614,0
DA:615,0
DA:616,0
DA:617,0
DA:621,0
DA:622,0
DA:627,0
DA:641,0
DA:642,0
DA:646,0
DA:647,0
DA:648,0
DA:649,0
DA:650,0
DA:651,0
DA:652,0
DA:656,0
DA:669,0
DA:684,0
DA:699,0
DA:715,0
DA:723,0
DA:731,0
DA:754,1
DA:765,5
DA:779,1
LF:135
LH:24
BRDA:164,0,0,0
BRDA:164,0,1,0
BRDA:168,1,0,0
BRDA:168,1,1,0
BRDA:169,2,0,0
BRDA:169,2,1,0
BRDA:170,3,0,0
BRDA:170,3,1,0
BRDA:171,4,0,0
BRDA:171,4,1,0
BRDA:172,5,0,0
BRDA:172,5,1,0
BRDA:173,6,0,0
BRDA:173,6,1,0
BRDA:174,7,0,0
BRDA:174,7,1,0
BRDA:175,8,0,0
BRDA:175,8,1,0
BRDA:176,9,0,0
BRDA:176,9,1,0
BRDA:225,10,0,0
BRDA:225,10,1,0
BRDA:226,11,0,0
BRDA:226,11,1,0
BRDA:252,12,0,0
BRDA:252,12,1,0
BRDA:265,13,0,0
BRDA:265,14,0,0
BRDA:265,14,1,0
BRDA:269,15,0,0
BRDA:291,16,0,0
BRDA:291,16,1,0
BRDA:332,17,0,0
BRDA:332,17,1,0
BRDA:333,18,0,0
BRDA:333,18,1,0
BRDA:334,19,0,0
BRDA:334,19,1,0
BRDA:335,20,0,0
BRDA:335,20,1,0
BRDA:336,21,0,0
BRDA:336,21,1,0
BRDA:337,22,0,0
BRDA:337,22,1,0
BRDA:338,23,0,0
BRDA:338,23,1,0
BRDA:339,24,0,0
BRDA:339,24,1,0
BRDA:340,25,0,0
BRDA:340,25,1,0
BRDA:350,26,0,0
BRDA:351,27,0,0
BRDA:351,27,1,0
BRDA:351,27,2,0
BRDA:356,28,0,0
BRDA:356,28,1,0
BRDA:356,29,0,0
BRDA:356,29,1,0
BRDA:357,30,0,0
BRDA:357,30,1,0
BRDA:357,31,0,0
BRDA:357,31,1,0
BRDA:360,32,0,0
BRDA:360,32,1,0
BRDA:368,33,0,0
BRDA:550,34,0,0
BRDA:550,34,1,0
BRDA:562,35,0,0
BRDA:568,36,0,0
BRDA:568,37,0,0
BRDA:568,37,1,0
BRDA:589,38,0,0
BRDA:596,39,0,0
BRDA:621,40,0,0
BRDA:621,41,0,0
BRDA:621,41,1,0
BRDA:621,41,2,0
BRDA:629,42,0,0
BRDA:629,42,1,0
BRDA:631,43,0,0
BRDA:631,43,1,0
BRDA:632,44,0,0
BRDA:632,44,1,0
BRDA:675,45,0,0
BRDA:675,45,1,0
BRDA:675,46,0,0
BRDA:675,46,1,0
BRDA:676,47,0,0
BRDA:676,47,1,0
BRDA:676,48,0,0
BRDA:676,48,1,0
BRDA:687,49,0,0
BRDA:687,49,1,0
BRDA:768,50,0,5
BRDA:768,50,1,1
BRDA:769,51,0,5
BRDA:769,51,1,2
BRF:97
BRH:4
end_of_record
TN:
SF:src/plugins/express-captcha.ts
FN:95,(anonymous_0)
FN:116,(anonymous_1)
FN:119,(anonymous_2)
FN:126,(anonymous_3)
FN:133,(anonymous_4)
FN:134,(anonymous_5)
FN:209,(anonymous_6)
FN:210,(anonymous_7)
FN:295,(anonymous_8)
FN:296,(anonymous_9)
FN:353,(anonymous_10)
FN:354,(anonymous_11)
FN:359,(anonymous_12)
FN:372,(anonymous_13)
FN:379,(anonymous_14)
FN:419,createExpressCaptcha
FNF:16
FNH:15
FNDA:29,(anonymous_0)
FNDA:17,(anonymous_1)
FNDA:0,(anonymous_2)
FNDA:7,(anonymous_3)
FNDA:8,(anonymous_4)
FNDA:8,(anonymous_5)
FNDA:6,(anonymous_6)
FNDA:6,(anonymous_7)
FNDA:4,(anonymous_8)
FNDA:4,(anonymous_9)
FNDA:1,(anonymous_10)
FNDA:1,(anonymous_11)
FNDA:4,(anonymous_12)
FNDA:1,(anonymous_13)
FNDA:2,(anonymous_14)
FNDA:1,createExpressCaptcha
DA:7,1
DA:8,1
DA:88,1
DA:96,29
DA:97,29
DA:100,29
DA:116,17
DA:121,0
DA:122,0
DA:126,7
DA:134,8
DA:135,8
DA:137,8
DA:138,1
DA:141,7
DA:142,7
DA:143,7
DA:146,7
DA:147,1
DA:155,1
DA:159,6
DA:160,1
DA:168,1
DA:172,5
DA:178,5
DA:185,3
DA:194,3
DA:196,3
DA:201,2
DA:210,6
DA:211,6
DA:213,6
DA:214,0
DA:217,6
DA:220,6
DA:221,1
DA:228,1
DA:232,5
DA:233,0
DA:240,0
DA:244,5
DA:251,5
DA:254,5
DA:256,5
DA:257,2
DA:263,3
DA:264,3
DA:266,3
DA:267,1
DA:268,1
DA:269,2
DA:270,1
DA:271,1
DA:272,1
DA:273,1
DA:274,1
DA:277,3
DA:287,0
DA:296,4
DA:297,4
DA:299,4
DA:300,0
DA:304,4
DA:305,4
DA:307,4
DA:309,4
DA:310,1
DA:318,1
DA:322,3
DA:328,3
DA:329,1
DA:337,1
DA:341,2
DA:343,2
DA:345,0
DA:354,1
DA:355,1
DA:356,1
DA:359,4
DA:373,1
DA:386,2
DA:388,2
DA:404,2
DA:419,1
DA:420,1
DA:426,1
LF:86
LH:78
BRDA:95,0,0,0
BRDA:101,1,0,29
BRDA:101,1,1,0
BRDA:102,2,0,29
BRDA:102,2,1,28
BRDA:103,3,0,29
BRDA:103,3,1,0
BRDA:104,4,0,29
BRDA:104,4,1,28
BRDA:105,5,0,29
BRDA:105,5,1,29
BRDA:106,6,0,29
BRDA:106,6,1,29
BRDA:116,7,0,29
BRDA:116,7,1,28
BRDA:118,8,0,29
BRDA:118,8,1,29
BRDA:125,9,0,29
BRDA:125,9,1,28
BRDA:137,10,0,1
BRDA:142,11,0,7
BRDA:142,11,1,0
BRDA:143,12,0,7
BRDA:143,12,1,5
BRDA:146,13,0,1
BRDA:159,14,0,1
BRDA:174,15,0,5
BRDA:174,15,1,0
BRDA:213,16,0,0
BRDA:220,17,0,1
BRDA:220,18,0,6
BRDA:220,18,1,6
BRDA:220,18,2,5
BRDA:232,19,0,0
BRDA:256,20,0,2
BRDA:256,20,1,3
BRDA:266,21,0,1
BRDA:266,21,1,2
BRDA:269,22,0,1
BRDA:269,22,1,1
BRDA:272,23,0,1
BRDA:295,24,0,4
BRDA:299,25,0,0
BRDA:304,26,0,4
BRDA:304,26,1,2
BRDA:305,27,0,4
BRDA:305,27,1,2
BRDA:307,28,0,4
BRDA:307,28,1,2
BRDA:307,28,2,2
BRDA:309,29,0,1
BRDA:309,30,0,4
BRDA:309,30,1,3
BRDA:309,30,2,3
BRDA:328,31,0,1
BRDA:386,32,0,2
BRDA:386,32,1,0
BRDA:394,33,0,2
BRDA:394,33,1,0
BRF:59
BRH:49
end_of_record
TN:
SF:src/plugins/fastify-captcha.ts
FN:120,(anonymous_1)
FN:141,(anonymous_2)
FN:144,(anonymous_3)
FN:151,(anonymous_4)
FN:158,(anonymous_5)
FN:235,(anonymous_6)
FN:322,(anonymous_7)
FN:386,(anonymous_8)
FN:388,(anonymous_9)
FN:398,(anonymous_10)
FN:405,(anonymous_11)
FN:445,(anonymous_12)
FN:453,(anonymous_13)
FN:467,(anonymous_14)
FN:484,(anonymous_15)
FN:491,(anonymous_16)
FN:492,(anonymous_17)
FN:496,(anonymous_18)
FN:520,createFastifyCaptcha
FNF:19
FNH:11
FNDA:31,(anonymous_1)
FNDA:17,(anonymous_2)
FNDA:0,(anonymous_3)
FNDA:7,(anonymous_4)
FNDA:8,(anonymous_5)
FNDA:6,(anonymous_6)
FNDA:5,(anonymous_7)
FNDA:1,(anonymous_8)
FNDA:4,(anonymous_9)
FNDA:1,(anonymous_10)
FNDA:2,(anonymous_11)
FNDA:0,(anonymous_12)
FNDA:0,(anonymous_13)
FNDA:0,(anonymous_14)
FNDA:0,(anonymous_15)
FNDA:0,(anonymous_16)
FNDA:0,(anonymous_17)
FNDA:0,(anonymous_18)
FNDA:1,createFastifyCaptcha
DA:7,1
DA:8,1
DA:9,1
DA:113,1
DA:121,31
DA:122,31
DA:125,31
DA:141,17
DA:146,0
DA:147,0
DA:151,7
DA:162,8
DA:164,8
DA:165,1
DA:168,7
DA:169,7
DA:170,7
DA:173,7
DA:174,1
DA:182,1
DA:186,6
DA:187,1
DA:195,1
DA:199,5
DA:205,5
DA:212,3
DA:221,3
DA:223,3
DA:228,2
DA:239,6
DA:241,6
DA:242,0
DA:245,6
DA:248,6
DA:249,1
DA:256,1
DA:260,5
DA:261,0
DA:268,0
DA:272,5
DA:279,5
DA:282,5
DA:284,5
DA:285,2
DA:291,3
DA:292,3
DA:294,3
DA:295,1
DA:296,1
DA:297,2
DA:298,1
DA:299,1
DA:300,1
DA:301,1
DA:302,1
DA:305,3
DA:315,0
DA:327,5
DA:329,5
DA:330,1
DA:335,4
DA:338,4
DA:341,4
DA:345,4
DA:346,1
DA:354,1
DA:358,3
DA:364,3
DA:365,1
DA:373,1
DA:377,2
DA:379,0
DA:387,1
DA:388,4
DA:399,1
DA:411,2
DA:414,2
DA:428,2
DA:430,2
DA:445,1
DA:449,0
DA:452,0
DA:458,0
DA:459,0
DA:460,0
DA:462,0
DA:463,0
DA:465,0
DA:472,0
DA:473,0
DA:474,0
DA:476,0
DA:477,0
DA:479,0
DA:480,0
DA:482,0
DA:489,0
DA:491,0
DA:492,0
DA:496,0
DA:498,0
DA:499,0
DA:500,0
DA:512,1
DA:520,1
DA:521,1
LF:106
LH:76
BRDA:120,0,0,0
BRDA:126,1,0,31
BRDA:126,1,1,0
BRDA:127,2,0,31
BRDA:127,2,1,30
BRDA:128,3,0,31
BRDA:128,3,1,0
BRDA:129,4,0,31
BRDA:129,4,1,30
BRDA:130,5,0,31
BRDA:130,5,1,31
BRDA:131,6,0,31
BRDA:131,6,1,31
BRDA:141,7,0,31
BRDA:141,7,1,29
BRDA:143,8,0,31
BRDA:143,8,1,31
BRDA:150,9,0,31
BRDA:150,9,1,30
BRDA:164,10,0,1
BRDA:169,11,0,7
BRDA:169,11,1,0
BRDA:170,12,0,7
BRDA:170,12,1,5
BRDA:173,13,0,1
BRDA:186,14,0,1
BRDA:241,15,0,0
BRDA:248,16,0,1
BRDA:248,17,0,6
BRDA:248,17,1,6
BRDA:248,17,2,5
BRDA:260,18,0,0
BRDA:284,19,0,2
BRDA:284,19,1,3
BRDA:294,20,0,1
BRDA:294,20,1,2
BRDA:297,21,0,1
BRDA:297,21,1,1
BRDA:300,22,0,1
BRDA:325,23,0,5
BRDA:329,24,0,1
BRDA:335,25,0,4
BRDA:335,25,1,2
BRDA:338,26,0,4
BRDA:338,26,1,2
BRDA:341,27,0,4
BRDA:341,27,1,2
BRDA:341,27,2,2
BRDA:345,28,0,1
BRDA:345,29,0,4
BRDA:345,29,1,3
BRDA:345,29,2,3
BRDA:364,30,0,1
BRDA:411,31,0,2
BRDA:411,31,1,0
BRDA:419,32,0,2
BRDA:419,32,1,0
BRDA:458,33,0,0
BRDA:458,33,1,0
BRDA:459,34,0,0
BRDA:462,35,0,0
BRDA:472,36,0,0
BRDA:472,36,1,0
BRDA:473,37,0,0
BRDA:476,38,0,0
BRDA:479,39,0,0
BRDA:499,40,0,0
BRF:67
BRH:49
end_of_record
TN:
SF:src/plugins/koa-captcha.ts
FN:102,(anonymous_0)
FN:123,(anonymous_1)
FN:126,(anonymous_2)
FN:133,(anonymous_3)
FN:140,(anonymous_4)
FN:141,(anonymous_5)
FN:218,(anonymous_6)
FN:219,(anonymous_7)
FN:307,(anonymous_8)
FN:308,(anonymous_9)
FN:372,(anonymous_10)
FN:373,(anonymous_11)
FN:378,(anonymous_12)
FN:391,(anonymous_13)
FN:398,(anonymous_14)
FN:434,createKoaCaptcha
FNF:16
FNH:15
FNDA:29,(anonymous_0)
FNDA:17,(anonymous_1)
FNDA:0,(anonymous_2)
FNDA:7,(anonymous_3)
FNDA:8,(anonymous_4)
FNDA:8,(anonymous_5)
FNDA:6,(anonymous_6)
FNDA:6,(anonymous_7)
FNDA:4,(anonymous_8)
FNDA:4,(anonymous_9)
FNDA:1,(anonymous_10)
FNDA:1,(anonymous_11)
FNDA:4,(anonymous_12)
FNDA:1,(anonymous_13)
FNDA:2,(anonymous_14)
FNDA:1,createKoaCaptcha
DA:7,1
DA:8,1
DA:95,1
DA:103,29
DA:104,29
DA:107,29
DA:123,17
DA:128,0
DA:129,0
DA:133,7
DA:141,8
DA:142,8
DA:144,8
DA:145,1
DA:148,7
DA:149,7
DA:150,7
DA:153,7
DA:154,1
DA:155,1
DA:163,1
DA:167,6
DA:168,1
DA:169,1
DA:177,1
DA:181,5
DA:187,5
DA:194,3
DA:203,3
DA:205,3
DA:210,2
DA:219,6
DA:220,6
DA:222,6
DA:223,0
DA:226,6
DA:229,6
DA:230,1
DA:231,1
DA:238,1
DA:242,5
DA:243,0
DA:244,0
DA:251,0
DA:255,5
DA:262,5
DA:265,5
DA:267,5
DA:268,2
DA:274,3
DA:275,3
DA:277,3
DA:278,1
DA:279,1
DA:280,2
DA:281,1
DA:282,1
DA:283,1
DA:284,1
DA:285,1
DA:288,3
DA:289,3
DA:299,0
DA:308,4
DA:309,4
DA:311,4
DA:312,0
DA:316,4
DA:318,4
DA:320,4
DA:322,4
DA:326,4
DA:327,1
DA:328,1
DA:336,1
DA:340,3
DA:346,3
DA:347,1
DA:348,1
DA:356,1
DA:360,2
DA:362,2
DA:364,0
DA:373,1
DA:374,1
DA:375,1
DA:378,4
DA:392,1
DA:399,2
DA:402,2
DA:416,2
DA:418,2
DA:419,2
DA:434,1
DA:435,1
DA:441,1
LF:96
LH:87
BRDA:102,0,0,0
BRDA:108,1,0,29
BRDA:108,1,1,0
BRDA:109,2,0,29
BRDA:109,2,1,28
BRDA:110,3,0,29
BRDA:110,3,1,0
BRDA:111,4,0,29
BRDA:111,4,1,28
BRDA:112,5,0,29
BRDA:112,5,1,29
BRDA:113,6,0,29
BRDA:113,6,1,29
BRDA:123,7,0,29
BRDA:123,7,1,28
BRDA:125,8,0,29
BRDA:125,8,1,29
BRDA:132,9,0,29
BRDA:132,9,1,28
BRDA:144,10,0,1
BRDA:148,11,0,7
BRDA:148,11,1,0
BRDA:149,12,0,7
BRDA:149,12,1,0
BRDA:150,13,0,7
BRDA:150,13,1,5
BRDA:153,14,0,1
BRDA:167,15,0,1
BRDA:222,16,0,0
BRDA:226,17,0,6
BRDA:226,17,1,0
BRDA:229,18,0,1
BRDA:229,19,0,6
BRDA:229,19,1,6
BRDA:229,19,2,5
BRDA:242,20,0,0
BRDA:267,21,0,2
BRDA:267,21,1,3
BRDA:277,22,0,1
BRDA:277,22,1,2
BRDA:280,23,0,1
BRDA:280,23,1,1
BRDA:283,24,0,1
BRDA:307,25,0,4
BRDA:311,26,0,0
BRDA:318,27,0,4
BRDA:318,27,1,2
BRDA:320,28,0,4
BRDA:320,28,1,2
BRDA:322,29,0,4
BRDA:322,29,1,2
BRDA:322,29,2,2
BRDA:326,30,0,1
BRDA:326,31,0,4
BRDA:326,31,1,3
BRDA:326,31,2,3
BRDA:346,32,0,1
BRDA:399,33,0,2
BRDA:399,33,1,0
BRDA:407,34,0,2
BRDA:407,34,1,0
BRF:61
BRH:50
end_of_record
TN:
SF:src/plugins/nestjs-captcha.ts
FN:117,(anonymous_2)
FN:123,(anonymous_3)
FN:146,(anonymous_4)
FN:171,(anonymous_5)
FN:174,(anonymous_6)
FN:181,(anonymous_7)
FN:189,(anonymous_8)
FN:213,(anonymous_9)
FN:234,(anonymous_10)
FN:241,(anonymous_11)
FN:248,(anonymous_12)
FN:259,(anonymous_13)
FN:261,(anonymous_14)
FN:285,(anonymous_15)
FN:329,(anonymous_16)
FN:388,(anonymous_17)
FN:429,(anonymous_18)
FN:432,(anonymous_19)
FN:437,(anonymous_20)
FN:500,(anonymous_21)
FN:504,(anonymous_22)
FN:519,(anonymous_23)
FN:529,(anonymous_24)
FN:545,(anonymous_25)
FN:553,createNestJsCaptchaModule
FNF:25
FNH:19
FNDA:2,(anonymous_2)
FNDA:1,(anonymous_3)
FNDA:20,(anonymous_4)
FNDA:0,(anonymous_5)
FNDA:0,(anonymous_6)
FNDA:0,(anonymous_7)
FNDA:7,(anonymous_8)
FNDA:6,(anonymous_9)
FNDA:1,(anonymous_10)
FNDA:1,(anonymous_11)
FNDA:1,(anonymous_12)
FNDA:9,(anonymous_13)
FNDA:9,(anonymous_14)
FNDA:2,(anonymous_15)
FNDA:5,(anonymous_16)
FNDA:2,(anonymous_17)
FNDA:12,(anonymous_18)
FNDA:10,(anonymous_19)
FNDA:9,(anonymous_20)
FNDA:3,(anonymous_21)
FNDA:0,(anonymous_22)
FNDA:2,(anonymous_23)
FNDA:0,(anonymous_24)
FNDA:0,(anonymous_25)
FNDA:1,createNestJsCaptchaModule
DA:6,1
DA:19,1
DA:21,1
DA:22,1
DA:112,1
DA:117,1
DA:118,2
DA:123,1
DA:124,1
DA:131,1
DA:151,20
DA:152,20
DA:155,20
DA:171,0
DA:176,0
DA:177,0
DA:181,0
DA:194,7
DA:195,7
DA:198,7
DA:199,1
DA:203,6
DA:204,1
DA:207,5
DA:219,6
DA:220,3
DA:224,3
DA:225,1
DA:228,2
DA:235,1
DA:242,1
DA:249,1
DA:258,1
DA:259,9
DA:262,9
DA:265,9
DA:266,1
DA:270,8
DA:271,2
DA:275,6
DA:276,5
DA:279,1
DA:290,2
DA:291,2
DA:292,2
DA:298,2
DA:305,1
DA:314,1
DA:315,1
DA:317,1
DA:322,1
DA:334,5
DA:335,5
DA:337,5
DA:344,4
DA:347,4
DA:348,4
DA:350,4
DA:351,1
DA:357,3
DA:358,3
DA:360,3
DA:361,1
DA:362,1
DA:363,2
DA:364,1
DA:365,1
DA:366,1
DA:367,1
DA:368,1
DA:371,3
DA:381,1
DA:395,2
DA:396,2
DA:398,2
DA:414,2
DA:429,1
DA:430,12
DA:431,12
DA:433,10
DA:434,10
DA:438,9
DA:439,9
DA:442,9
DA:443,1
DA:447,8
DA:452,8
DA:459,8
DA:461,8
DA:463,8
DA:467,8
DA:468,1
DA:471,7
DA:473,7
DA:475,6
DA:476,1
DA:480,5
DA:482,5
DA:484,1
DA:489,12
DA:496,1
DA:501,3
DA:504,0
DA:508,3
DA:526,2
DA:530,0
DA:531,0
DA:537,2
DA:546,0
DA:553,1
DA:554,1
DA:560,1
LF:112
LH:104
BRDA:147,0,0,0
BRDA:151,1,0,20
BRDA:151,1,1,0
BRDA:152,2,0,20
BRDA:152,2,1,0
BRDA:156,3,0,20
BRDA:156,3,1,0
BRDA:157,4,0,20
BRDA:157,4,1,19
BRDA:158,5,0,20
BRDA:158,5,1,1
BRDA:159,6,0,20
BRDA:159,6,1,19
BRDA:160,7,0,20
BRDA:160,7,1,20
BRDA:161,8,0,20
BRDA:161,8,1,20
BRDA:171,9,0,20
BRDA:171,9,1,20
BRDA:173,10,0,20
BRDA:173,10,1,20
BRDA:180,11,0,20
BRDA:180,11,1,20
BRDA:182,12,0,20
BRDA:182,12,1,20
BRDA:192,13,0,6
BRDA:194,14,0,7
BRDA:194,14,1,1
BRDA:195,15,0,7
BRDA:195,15,1,4
BRDA:198,16,0,1
BRDA:203,17,0,1
BRDA:219,18,0,3
BRDA:219,19,0,6
BRDA:219,19,1,5
BRDA:219,19,2,4
BRDA:224,20,0,1
BRDA:265,21,0,1
BRDA:270,22,0,2
BRDA:270,23,0,8
BRDA:270,23,1,8
BRDA:275,24,0,5
BRDA:275,25,0,6
BRDA:275,25,1,6
BRDA:294,26,0,2
BRDA:294,26,1,0
BRDA:350,27,0,1
BRDA:350,27,1,3
BRDA:360,28,0,1
BRDA:360,28,1,2
BRDA:363,29,0,1
BRDA:363,29,1,1
BRDA:366,30,0,1
BRDA:396,31,0,2
BRDA:396,31,1,0
BRDA:404,32,0,2
BRDA:404,32,1,0
BRDA:442,33,0,1
BRDA:459,34,0,8
BRDA:459,34,1,2
BRDA:461,35,0,8
BRDA:461,35,1,2
BRDA:463,36,0,8
BRDA:463,36,1,4
BRDA:463,36,2,2
BRDA:467,37,0,1
BRDA:467,38,0,8
BRDA:467,38,1,7
BRDA:467,38,2,7
BRDA:475,39,0,1
BRDA:500,40,0,1
BRDA:512,41,0,3
BRDA:512,41,1,2
BRDA:533,42,0,2
BRDA:533,42,1,0
BRDA:541,43,0,2
BRDA:541,43,1,2
BRF:77
BRH:69
end_of_record
TN:
SF:src/plugins/svelte-captcha.ts
FN:36,(anonymous_0)
FN:40,(anonymous_1)
FN:43,(anonymous_2)
FN:45,(anonymous_3)
FN:47,(anonymous_4)
FN:49,(anonymous_5)
FN:51,(anonymous_6)
FN:55,(anonymous_7)
FN:58,(anonymous_8)
FN:60,(anonymous_9)
FN:63,(anonymous_10)
FN:66,(anonymous_11)
FN:70,(anonymous_12)
FN:72,(anonymous_13)
FN:242,getCaptchaService
FN:255,createCaptchaStore
FN:293,(anonymous_16)
FN:300,(anonymous_17)
FN:306,(anonymous_18)
FN:311,(anonymous_19)
FN:320,(anonymous_20)
FN:328,(anonymous_21)
FN:354,(anonymous_22)
FN:363,(anonymous_23)
FN:375,(anonymous_24)
FN:384,(anonymous_25)
FN:395,(anonymous_26)
FN:405,(anonymous_27)
FN:421,(anonymous_28)
FN:457,captchaAction
FN:479,(anonymous_30)
FN:494,(anonymous_31)
FN:513,(anonymous_32)
FN:517,(anonymous_33)
FN:534,getContainerStyle
FN:550,getButtonStyle
FN:568,getInputStyle
FN:586,getChallengeStyle
FN:605,getTypeButtonStyle
FNF:39
FNH:34
FNDA:66,(anonymous_0)
FNDA:70,(anonymous_1)
FNDA:48,(anonymous_2)
FNDA:10,(anonymous_3)
FNDA:0,(anonymous_4)
FNDA:22,(anonymous_5)
FNDA:0,(anonymous_6)
FNDA:22,(anonymous_7)
FNDA:22,(anonymous_8)
FNDA:0,(anonymous_9)
FNDA:1,(anonymous_10)
FNDA:1,(anonymous_11)
FNDA:40,(anonymous_12)
FNDA:40,(anonymous_13)
FNDA:22,getCaptchaService
FNDA:22,createCaptchaStore
FNDA:10,(anonymous_16)
FNDA:8,(anonymous_17)
FNDA:0,(anonymous_18)
FNDA:0,(anonymous_19)
FNDA:10,(anonymous_20)
FNDA:10,(anonymous_21)
FNDA:2,(anonymous_22)
FNDA:7,(anonymous_23)
FNDA:5,(anonymous_24)
FNDA:3,(anonymous_25)
FNDA:2,(anonymous_26)
FNDA:2,(anonymous_27)
FNDA:22,(anonymous_28)
FNDA:9,captchaAction
FNDA:4,(anonymous_30)
FNDA:2,(anonymous_31)
FNDA:1,(anonymous_32)
FNDA:1,(anonymous_33)
FNDA:2,getContainerStyle
FNDA:4,getButtonStyle
FNDA:4,getInputStyle
FNDA:2,getChallengeStyle
FNDA:3,getTypeButtonStyle
DA:28,1
DA:30,1
DA:32,1
DA:35,1
DA:37,66
DA:38,66
DA:39,66
DA:41,70
DA:42,70
DA:43,70
DA:46,10
DA:47,10
DA:50,22
DA:51,22
DA:57,22
DA:58,22
DA:59,22
DA:60,22
DA:62,22
DA:64,1
DA:65,1
DA:66,1
DA:72,40
DA:73,40
DA:75,40
DA:81,1
DA:87,1
DA:127,1
DA:240,1
DA:243,22
DA:244,1
DA:246,22
DA:255,1
DA:259,22
DA:261,22
DA:266,22
DA:278,22
DA:291,22
DA:293,22
DA:294,10
DA:295,0
DA:296,0
DA:300,22
DA:301,8
DA:302,8
DA:303,8
DA:305,8
DA:306,0
DA:307,0
DA:308,0
DA:309,0
DA:311,0
DA:320,22
DA:324,10
DA:325,10
DA:326,10
DA:328,10
DA:330,10
DA:331,10
DA:336,8
DA:349,8
DA:351,8
DA:353,2
DA:354,2
DA:359,2
DA:363,22
DA:364,7
DA:365,7
DA:367,7
DA:368,1
DA:371,6
DA:372,1
DA:375,5
DA:377,5
DA:378,5
DA:384,3
DA:392,3
DA:394,2
DA:395,2
DA:401,2
DA:405,22
DA:406,2
DA:407,2
DA:421,22
DA:422,22
DA:425,22
DA:457,1
DA:468,9
DA:470,9
DA:471,9
DA:472,9
DA:475,9
DA:476,9
DA:479,9
DA:483,4
DA:484,4
DA:485,3
DA:486,3
DA:488,1
DA:489,1
DA:494,9
DA:495,2
DA:496,2
DA:497,1
DA:498,1
DA:500,1
DA:501,1
DA:506,9
DA:507,9
DA:510,9
DA:512,9
DA:514,1
DA:515,1
DA:519,1
DA:520,1
DA:521,1
DA:534,1
DA:535,2
DA:550,1
DA:551,4
DA:568,1
DA:569,4
DA:586,1
DA:587,2
DA:605,1
DA:606,3
DA:623,1
LF:127
LH:120
BRDA:243,0,0,1
BRDA:256,1,0,17
BRDA:257,2,0,21
BRDA:267,3,0,22
BRDA:267,3,1,19
BRDA:268,4,0,22
BRDA:268,4,1,19
BRDA:269,5,0,22
BRDA:269,5,1,22
BRDA:270,6,0,22
BRDA:270,6,1,20
BRDA:271,7,0,22
BRDA:271,7,1,22
BRDA:272,8,0,22
BRDA:272,8,1,22
BRDA:273,9,0,22
BRDA:273,9,1,22
BRDA:274,10,0,22
BRDA:274,10,1,22
BRDA:275,11,0,22
BRDA:275,11,1,22
BRDA:294,12,0,0
BRDA:305,13,0,0
BRDA:305,14,0,8
BRDA:305,14,1,0
BRDA:305,14,2,0
BRDA:308,15,0,0
BRDA:308,15,1,0
BRDA:308,16,0,0
BRDA:308,16,1,0
BRDA:309,17,0,0
BRDA:309,17,1,0
BRDA:309,18,0,0
BRDA:309,18,1,0
BRDA:313,19,0,0
BRDA:313,19,1,0
BRDA:325,20,0,10
BRDA:325,20,1,0
BRDA:326,21,0,10
BRDA:326,21,1,0
BRDA:353,22,0,2
BRDA:353,22,1,0
BRDA:367,23,0,1
BRDA:367,24,0,7
BRDA:367,24,1,6
BRDA:371,25,0,1
BRDA:394,26,0,2
BRDA:394,26,1,0
BRDA:459,27,0,0
BRDA:468,28,0,9
BRDA:468,28,1,1
BRDA:519,29,0,1
BRDA:519,30,0,1
BRDA:519,30,1,0
BRDA:550,31,0,2
BRDA:557,32,0,1
BRDA:557,32,1,3
BRDA:558,33,0,1
BRDA:558,33,1,3
BRDA:568,34,0,2
BRDA:572,35,0,1
BRDA:572,35,1,3
BRDA:608,36,0,1
BRDA:608,36,1,2
BRDA:610,37,0,1
BRDA:610,37,1,2
BRDA:611,38,0,1
BRDA:611,38,1,2
BRF:68
BRH:48
end_of_record
TN:
SF:src/plugins/vanilla-js-sdk.ts
FN:196,(anonymous_0)
FN:214,(anonymous_1)
FN:233,(anonymous_2)
FN:253,(anonymous_3)
FN:266,(anonymous_4)
FN:269,(anonymous_5)
FN:286,(anonymous_6)
FN:303,(anonymous_7)
FN:333,(anonymous_8)
FN:396,(anonymous_9)
FN:440,(anonymous_10)
FN:481,(anonymous_11)
FN:507,(anonymous_12)
FN:516,(anonymous_13)
FN:523,(anonymous_14)
FN:530,(anonymous_15)
FN:537,(anonymous_16)
FN:541,(anonymous_17)
FN:556,(anonymous_18)
FN:566,(anonymous_19)
FN:608,(anonymous_20)
FN:622,(anonymous_21)
FN:671,(anonymous_22)
FN:687,(anonymous_23)
FN:696,(anonymous_24)
FN:701,(anonymous_25)
FN:715,(anonymous_26)
FN:775,(anonymous_27)
FN:790,(anonymous_28)
FN:806,(anonymous_29)
FN:823,(anonymous_30)
FN:841,(anonymous_31)
FN:860,(anonymous_32)
FN:912,createCaptchaWidget
FN:936,initCaptchaWidgets
FN:940,(anonymous_35)
FN:972,(anonymous_36)
FNF:37
FNH:31
FNDA:40,(anonymous_0)
FNDA:15,(anonymous_1)
FNDA:3,(anonymous_2)
FNDA:3,(anonymous_3)
FNDA:6,(anonymous_4)
FNDA:1,(anonymous_5)
FNDA:0,(anonymous_6)
FNDA:2,(anonymous_7)
FNDA:28,(anonymous_8)
FNDA:11,(anonymous_9)
FNDA:3,(anonymous_10)
FNDA:1,(anonymous_11)
FNDA:2,(anonymous_12)
FNDA:1,(anonymous_13)
FNDA:1,(anonymous_14)
FNDA:23,(anonymous_15)
FNDA:9,(anonymous_16)
FNDA:0,(anonymous_17)
FNDA:12,(anonymous_18)
FNDA:27,(anonymous_19)
FNDA:0,(anonymous_20)
FNDA:0,(anonymous_21)
FNDA:0,(anonymous_22)
FNDA:1,(anonymous_23)
FNDA:4,(anonymous_24)
FNDA:0,(anonymous_25)
FNDA:12,(anonymous_26)
FNDA:12,(anonymous_27)
FNDA:27,(anonymous_28)
FNDA:53,(anonymous_29)
FNDA:27,(anonymous_30)
FNDA:27,(anonymous_31)
FNDA:4,(anonymous_32)
FNDA:7,createCaptchaWidget
FNDA:5,initCaptchaWidgets
FNDA:5,(anonymous_35)
FNDA:60,(anonymous_36)
DA:13,1
DA:53,1
DA:188,1
DA:194,40
DA:197,40
DA:198,40
DA:199,40
DA:200,40
DA:204,40
DA:206,40
DA:207,32
DA:218,15
DA:219,11
DA:222,4
DA:227,2
DA:238,3
DA:239,2
DA:242,1
DA:247,1
DA:254,3
DA:255,2
DA:258,1
DA:259,1
DA:260,1
DA:267,6
DA:268,6
DA:269,6
DA:271,6
DA:281,6
DA:282,6
DA:283,5
DA:285,5
DA:286,1
DA:287,1
DA:290,4
DA:292,2
DA:293,2
DA:294,0
DA:296,2
DA:304,2
DA:316,1
DA:323,28
DA:325,28
DA:326,28
DA:327,28
DA:328,28
DA:329,28
DA:330,28
DA:331,28
DA:335,28
DA:336,4
DA:337,4
DA:338,1
DA:340,3
DA:342,24
DA:346,27
DA:349,27
DA:363,27
DA:376,27
DA:379,27
DA:382,27
DA:385,27
DA:388,27
DA:389,6
DA:397,11
DA:398,1
DA:401,10
DA:402,10
DA:404,10
DA:406,10
DA:407,10
DA:409,9
DA:421,9
DA:422,9
DA:425,9
DA:427,9
DA:429,1
DA:430,1
DA:431,1
DA:432,1
DA:433,1
DA:441,3
DA:442,0
DA:445,3
DA:446,1
DA:449,2
DA:450,1
DA:453,1
DA:455,1
DA:456,1
DA:458,1
DA:465,1
DA:466,1
DA:468,1
DA:470,0
DA:471,0
DA:472,0
DA:473,0
DA:474,0
DA:482,1
DA:483,0
DA:486,1
DA:487,1
DA:500,1
DA:501,1
DA:508,2
DA:509,2
DA:510,2
DA:517,1
DA:524,1
DA:531,23
DA:538,9
DA:540,9
DA:541,0
DA:542,0
DA:543,0
DA:544,0
DA:545,0
DA:546,0
DA:547,0
DA:557,12
DA:558,0
DA:559,0
DA:567,27
DA:568,27
DA:569,27
DA:572,27
DA:573,1
DA:574,1
DA:578,27
DA:579,27
DA:580,27
DA:581,27
DA:582,27
DA:583,27
DA:586,27
DA:587,27
DA:589,27
DA:590,27
DA:591,27
DA:592,27
DA:593,27
DA:594,27
DA:595,27
DA:598,27
DA:599,26
DA:600,26
DA:601,26
DA:602,26
DA:603,26
DA:608,26
DA:609,0
DA:610,0
DA:612,26
DA:615,27
DA:618,27
DA:619,27
DA:620,27
DA:621,27
DA:622,27
DA:623,0
DA:624,0
DA:625,0
DA:628,27
DA:631,27
DA:632,27
DA:637,27
DA:638,27
DA:641,27
DA:642,27
DA:647,27
DA:648,27
DA:651,27
DA:652,27
DA:657,27
DA:658,27
DA:661,27
DA:662,27
DA:667,27
DA:668,27
DA:671,27
DA:672,0
DA:673,0
DA:674,0
DA:675,0
DA:680,27
DA:681,27
DA:688,1
DA:689,1
DA:696,1
DA:697,4
DA:698,4
DA:699,4
DA:700,4
DA:701,4
DA:702,0
DA:703,0
DA:704,0
DA:706,4
DA:709,1
DA:716,12
DA:724,0
DA:728,12
DA:729,0
DA:730,0
DA:731,12
DA:732,10
DA:733,10
DA:735,2
DA:739,12
DA:740,12
DA:745,12
DA:748,12
DA:749,1
DA:750,11
DA:755,0
DA:756,0
DA:758,11
DA:762,12
DA:765,12
DA:766,0
DA:768,12
DA:776,12
DA:777,0
DA:780,12
DA:781,9
DA:783,3
DA:791,27
DA:807,53
DA:824,27
DA:842,27
DA:861,4
DA:912,1
DA:916,7
DA:936,1
DA:937,5
DA:938,5
DA:940,5
DA:941,5
DA:942,5
DA:971,5
DA:972,5
DA:973,60
DA:974,58
DA:978,5
DA:979,5
DA:980,5
DA:983,5
DA:985,0
DA:989,5
DA:996,1
LF:251
LH:214
BRDA:196,0,0,1
BRDA:197,1,0,40
BRDA:197,1,1,33
BRDA:199,2,0,40
BRDA:199,2,1,38
BRDA:204,3,0,40
BRDA:204,3,1,8
BRDA:206,4,0,32
BRDA:215,5,0,3
BRDA:216,6,0,3
BRDA:218,7,0,11
BRDA:218,8,0,15
BRDA:218,8,1,11
BRDA:238,9,0,2
BRDA:238,10,0,3
BRDA:238,10,1,2
BRDA:254,11,0,2
BRDA:254,12,0,3
BRDA:254,12,1,2
BRDA:266,13,0,1
BRDA:276,14,0,1
BRDA:276,14,1,5
BRDA:285,15,0,1
BRDA:287,16,0,1
BRDA:287,16,1,0
BRDA:293,17,0,0
BRDA:293,18,0,2
BRDA:293,18,1,2
BRDA:335,19,0,4
BRDA:335,19,1,24
BRDA:337,20,0,1
BRDA:346,21,0,27
BRDA:346,21,1,26
BRDA:364,22,0,1
BRDA:364,22,1,26
BRDA:365,23,0,27
BRDA:365,23,1,26
BRDA:379,24,0,27
BRDA:379,24,1,23
BRDA:382,25,0,27
BRDA:382,25,1,26
BRDA:388,26,0,6
BRDA:397,27,0,1
BRDA:401,28,0,10
BRDA:401,28,1,10
BRDA:402,29,0,10
BRDA:402,29,1,10
BRDA:429,30,0,1
BRDA:429,30,1,0
BRDA:441,31,0,0
BRDA:445,32,0,1
BRDA:445,33,0,3
BRDA:445,33,1,2
BRDA:449,34,0,1
BRDA:470,35,0,0
BRDA:470,35,1,0
BRDA:482,36,0,0
BRDA:540,37,0,0
BRDA:540,38,0,9
BRDA:540,38,1,0
BRDA:540,38,2,0
BRDA:542,39,0,0
BRDA:542,39,1,0
BRDA:542,40,0,0
BRDA:542,40,1,0
BRDA:545,41,0,0
BRDA:557,42,0,0
BRDA:568,43,0,27
BRDA:568,43,1,27
BRDA:572,44,0,1
BRDA:591,45,0,27
BRDA:591,45,1,26
BRDA:598,46,0,26
BRDA:620,47,0,27
BRDA:620,47,1,26
BRDA:624,48,0,0
BRDA:672,49,0,0
BRDA:674,50,0,0
BRDA:716,51,0,0
BRDA:717,52,0,12
BRDA:717,52,1,12
BRDA:717,52,2,12
BRDA:717,52,3,12
BRDA:717,52,4,12
BRDA:717,52,5,12
BRDA:728,53,0,0
BRDA:728,53,1,12
BRDA:731,54,0,10
BRDA:731,54,1,2
BRDA:739,55,0,12
BRDA:739,55,1,12
BRDA:740,56,0,1
BRDA:740,56,1,11
BRDA:745,57,0,12
BRDA:745,57,1,11
BRDA:748,58,0,1
BRDA:748,58,1,11
BRDA:748,59,0,12
BRDA:748,59,1,1
BRDA:750,60,0,0
BRDA:750,60,1,11
BRDA:751,61,0,11
BRDA:751,61,1,0
BRDA:751,61,2,0
BRDA:755,62,0,0
BRDA:755,62,1,0
BRDA:765,63,0,0
BRDA:765,63,1,12
BRDA:765,64,0,12
BRDA:765,64,1,1
BRDA:776,65,0,0
BRDA:780,66,0,9
BRDA:780,66,1,3
BRDA:780,67,0,12
BRDA:780,67,1,10
BRDA:780,67,2,10
BRDA:863,68,0,1
BRDA:863,68,1,3
BRDA:865,69,0,1
BRDA:865,69,1,3
BRDA:866,70,0,1
BRDA:866,70,1,3
BRDA:944,71,0,5
BRDA:944,71,1,4
BRDA:945,72,0,5
BRDA:945,72,1,4
BRDA:949,73,0,5
BRDA:949,73,1,5
BRDA:950,74,0,5
BRDA:950,74,1,5
BRDA:951,75,0,5
BRDA:951,75,1,5
BRDA:953,76,0,5
BRDA:953,76,1,4
BRDA:954,77,0,5
BRDA:954,77,1,5
BRDA:955,78,0,5
BRDA:955,78,1,5
BRDA:956,79,0,5
BRDA:956,79,1,5
BRDA:957,80,0,5
BRDA:957,80,1,5
BRDA:958,81,0,5
BRDA:958,81,1,5
BRDA:959,82,0,5
BRDA:959,82,1,5
BRDA:960,83,0,1
BRDA:960,83,1,4
BRDA:963,84,0,5
BRDA:963,84,1,5
BRDA:964,85,0,5
BRDA:964,85,1,5
BRDA:965,86,0,5
BRDA:965,86,1,5
BRDA:966,87,0,5
BRDA:966,87,1,5
BRDA:973,88,0,58
BRF:157
BRH:129
end_of_record
TN:
SF:src/plugins/vue-captcha.ts
FN:216,useCaptcha
FN:248,(anonymous_1)
FN:252,(anonymous_2)
FN:256,(anonymous_3)
FN:291,(anonymous_4)
FN:298,(anonymous_5)
FN:305,(anonymous_6)
FN:318,(anonymous_7)
FN:360,(anonymous_8)
FN:399,(anonymous_9)
FN:415,(anonymous_10)
FN:419,(anonymous_11)
FN:420,(anonymous_12)
FN:428,(anonymous_13)
FN:429,(anonymous_14)
FN:446,(anonymous_15)
FN:463,(anonymous_16)
FN:485,(anonymous_17)
FN:515,(anonymous_18)
FN:529,(anonymous_19)
FN:534,(anonymous_20)
FN:543,(anonymous_21)
FN:559,(anonymous_22)
FN:565,(anonymous_23)
FN:572,(anonymous_24)
FN:579,(anonymous_25)
FN:600,(anonymous_26)
FN:671,(anonymous_27)
FN:683,(anonymous_28)
FN:709,(anonymous_29)
FN:715,(anonymous_30)
FN:747,(anonymous_31)
FN:842,(anonymous_32)
FN:846,(anonymous_33)
FN:849,(anonymous_34)
FN:854,(anonymous_35)
FN:887,(anonymous_36)
FN:893,(anonymous_37)
FN:896,(anonymous_38)
FN:901,(anonymous_39)
FN:938,(anonymous_40)
FN:943,(anonymous_41)
FN:978,(anonymous_42)
FN:984,(anonymous_43)
FN:987,(anonymous_44)
FN:992,(anonymous_45)
FN:1005,(anonymous_46)
FN:1009,(anonymous_47)
FN:1029,(anonymous_48)
FNF:49
FNH:44
FNDA:48,useCaptcha
FNDA:47,(anonymous_1)
FNDA:47,(anonymous_2)
FNDA:48,(anonymous_3)
FNDA:16,(anonymous_4)
FNDA:14,(anonymous_5)
FNDA:0,(anonymous_6)
FNDA:15,(anonymous_7)
FNDA:7,(anonymous_8)
FNDA:2,(anonymous_9)
FNDA:4,(anonymous_10)
FNDA:48,(anonymous_11)
FNDA:0,(anonymous_12)
FNDA:48,(anonymous_13)
FNDA:0,(anonymous_14)
FNDA:0,(anonymous_15)
FNDA:48,(anonymous_16)
FNDA:21,(anonymous_17)
FNDA:22,(anonymous_18)
FNDA:22,(anonymous_19)
FNDA:11,(anonymous_20)
FNDA:6,(anonymous_21)
FNDA:0,(anonymous_22)
FNDA:1,(anonymous_23)
FNDA:1,(anonymous_24)
FNDA:22,(anonymous_25)
FNDA:68,(anonymous_26)
FNDA:16,(anonymous_27)
FNDA:50,(anonymous_28)
FNDA:16,(anonymous_29)
FNDA:1,(anonymous_30)
FNDA:7,(anonymous_31)
FNDA:2,(anonymous_32)
FNDA:3,(anonymous_33)
FNDA:3,(anonymous_34)
FNDA:3,(anonymous_35)
FNDA:6,(anonymous_36)
FNDA:7,(anonymous_37)
FNDA:7,(anonymous_38)
FNDA:7,(anonymous_39)
FNDA:7,(anonymous_40)
FNDA:1,(anonymous_41)
FNDA:5,(anonymous_42)
FNDA:6,(anonymous_43)
FNDA:6,(anonymous_44)
FNDA:6,(anonymous_45)
FNDA:6,(anonymous_46)
FNDA:1,(anonymous_47)
FNDA:2,(anonymous_48)
DA:6,1
DA:23,1
DA:63,1
DA:206,1
DA:216,1
DA:217,48
DA:219,48
DA:220,1
DA:223,47
DA:242,1
DA:248,47
DA:252,47
DA:257,48
DA:262,48
DA:274,48
DA:276,48
DA:289,48
DA:291,48
DA:292,16
DA:293,0
DA:294,0
DA:298,48
DA:299,14
DA:300,14
DA:305,0
DA:306,0
DA:307,0
DA:309,0
DA:318,48
DA:322,15
DA:323,15
DA:325,15
DA:327,15
DA:328,15
DA:333,14
DA:346,14
DA:348,14
DA:350,1
DA:351,1
DA:356,1
DA:360,48
DA:361,7
DA:362,0
DA:365,7
DA:366,0
DA:369,7
DA:371,7
DA:372,7
DA:378,7
DA:386,7
DA:388,0
DA:389,0
DA:395,0
DA:399,48
DA:400,2
DA:401,2
DA:415,48
DA:418,48
DA:419,48
DA:421,0
DA:427,48
DA:428,48
DA:430,0
DA:446,48
DA:447,0
DA:451,48
DA:461,48
DA:463,48
DA:471,1
DA:485,21
DA:524,22
DA:526,22
DA:527,22
DA:529,22
DA:534,22
DA:535,11
DA:536,11
DA:537,10
DA:539,1
DA:543,22
DA:544,6
DA:545,0
DA:548,6
DA:549,6
DA:550,6
DA:551,6
DA:552,3
DA:555,0
DA:559,22
DA:560,0
DA:561,0
DA:562,0
DA:565,22
DA:566,1
DA:567,1
DA:568,1
DA:569,1
DA:572,22
DA:573,1
DA:574,1
DA:579,22
DA:580,22
DA:581,11
DA:585,22
DA:601,68
DA:612,68
DA:625,68
DA:638,68
DA:652,68
DA:658,68
DA:664,68
DA:671,68
DA:683,68
DA:684,50
DA:685,24
DA:689,26
DA:690,0
DA:698,26
DA:701,68
DA:704,68
DA:705,4
DA:710,16
DA:715,1
DA:726,68
DA:727,18
DA:735,50
DA:736,50
DA:737,26
DA:742,68
DA:748,7
DA:777,68
DA:795,68
DA:796,1
DA:799,68
DA:800,3
DA:803,68
DA:804,6
DA:808,68
DA:809,29
DA:819,68
DA:820,6
DA:829,68
DA:836,1
DA:842,2
DA:847,3
DA:849,3
DA:854,3
DA:855,3
DA:873,1
DA:887,6
DA:894,7
DA:896,7
DA:901,7
DA:902,7
DA:913,7
DA:915,5
DA:921,1
DA:927,1
DA:934,0
DA:938,7
DA:939,7
DA:943,1
DA:956,1
DA:978,5
DA:985,6
DA:987,6
DA:992,6
DA:1005,6
DA:1006,6
DA:1010,1
DA:1028,1
DA:1031,2
DA:1032,2
DA:1033,2
DA:1034,2
DA:1035,2
DA:1038,2
DA:1048,1
LF:178
LH:157
BRDA:219,0,0,1
BRDA:263,1,0,48
BRDA:263,1,1,47
BRDA:264,2,0,48
BRDA:264,2,1,47
BRDA:265,3,0,48
BRDA:265,3,1,48
BRDA:266,4,0,48
BRDA:266,4,1,47
BRDA:267,5,0,48
BRDA:267,5,1,48
BRDA:268,6,0,48
BRDA:268,6,1,48
BRDA:269,7,0,48
BRDA:269,7,1,48
BRDA:270,8,0,48
BRDA:270,8,1,48
BRDA:271,9,0,48
BRDA:271,9,1,48
BRDA:292,10,0,0
BRDA:300,11,0,0
BRDA:301,12,0,14
BRDA:301,12,1,0
BRDA:301,12,2,0
BRDA:306,13,0,0
BRDA:306,13,1,0
BRDA:306,14,0,0
BRDA:306,14,1,0
BRDA:307,15,0,0
BRDA:307,15,1,0
BRDA:307,16,0,0
BRDA:307,16,1,0
BRDA:311,17,0,0
BRDA:311,17,1,0
BRDA:322,18,0,15
BRDA:322,18,1,0
BRDA:323,19,0,15
BRDA:323,19,1,12
BRDA:350,20,0,1
BRDA:350,20,1,0
BRDA:361,21,0,0
BRDA:361,22,0,7
BRDA:361,22,1,7
BRDA:365,23,0,0
BRDA:388,24,0,0
BRDA:388,24,1,0
BRDA:431,25,0,0
BRDA:431,25,1,0
BRDA:432,26,0,0
BRDA:432,26,1,0
BRDA:433,27,0,0
BRDA:433,27,1,0
BRDA:434,28,0,0
BRDA:434,28,1,0
BRDA:435,29,0,0
BRDA:435,29,1,0
BRDA:436,30,0,0
BRDA:436,30,1,0
BRDA:437,31,0,0
BRDA:437,31,1,0
BRDA:438,32,0,0
BRDA:438,32,1,0
BRDA:439,33,0,0
BRDA:439,33,1,0
BRDA:527,34,0,22
BRDA:527,34,1,22
BRDA:544,35,0,0
BRDA:551,36,0,3
BRDA:573,37,0,1
BRDA:573,38,0,1
BRDA:573,38,1,1
BRDA:573,38,2,1
BRDA:580,39,0,11
BRDA:580,40,0,22
BRDA:580,40,1,11
BRDA:618,41,0,19
BRDA:618,41,1,49
BRDA:618,42,0,68
BRDA:618,42,1,67
BRDA:619,43,0,19
BRDA:619,43,1,49
BRDA:619,44,0,68
BRDA:619,44,1,67
BRDA:628,45,0,1
BRDA:628,45,1,67
BRDA:673,46,0,4
BRDA:673,46,1,12
BRDA:675,47,0,4
BRDA:675,47,1,12
BRDA:676,48,0,4
BRDA:676,48,1,12
BRDA:684,49,0,24
BRDA:689,50,0,0
BRDA:689,51,0,26
BRDA:689,51,1,0
BRDA:704,52,0,4
BRDA:716,53,0,16
BRDA:716,53,1,16
BRDA:726,54,0,18
BRDA:726,54,1,50
BRDA:736,55,0,26
BRDA:752,56,0,68
BRDA:752,56,1,67
BRDA:752,56,2,49
BRDA:756,57,0,67
BRDA:756,57,1,1
BRDA:762,58,0,67
BRDA:762,58,1,66
BRDA:784,59,0,68
BRDA:784,59,1,67
BRDA:784,59,2,49
BRDA:784,59,3,13
BRDA:790,60,0,18
BRDA:790,60,1,50
BRDA:795,61,0,1
BRDA:799,62,0,3
BRDA:799,63,0,68
BRDA:799,63,1,3
BRDA:803,64,0,6
BRDA:803,65,0,68
BRDA:803,65,1,9
BRDA:803,65,2,6
BRDA:808,66,0,29
BRDA:808,67,0,68
BRDA:808,67,1,32
BRDA:808,67,2,32
BRDA:819,68,0,6
BRDA:819,69,0,68
BRDA:819,69,1,9
BRDA:907,70,0,1
BRDA:907,70,1,6
BRDA:908,71,0,1
BRDA:908,71,1,6
BRDA:913,72,0,5
BRDA:913,72,1,1
BRDA:913,72,2,1
BRDA:913,72,3,0
BRDA:995,73,0,1
BRDA:995,73,1,5
BRDA:1029,74,0,1
BRDA:1038,75,0,1
BRDA:1038,76,0,2
BRDA:1038,76,1,1
BRF:143
BRH:101
end_of_record
TN:
SF:src/security/anomaly-detector.ts
FN:79,(anonymous_0)
FN:96,(anonymous_1)
FN:160,(anonymous_2)
FN:185,(anonymous_3)
FN:200,(anonymous_4)
FN:204,(anonymous_5)
FN:207,(anonymous_6)
FN:222,(anonymous_7)
FN:229,(anonymous_8)
FN:247,(anonymous_9)
FN:264,(anonymous_10)
FN:276,(anonymous_11)
FN:293,(anonymous_12)
FN:314,(anonymous_13)
FN:319,(anonymous_14)
FN:328,(anonymous_15)
FN:340,(anonymous_16)
FN:343,(anonymous_17)
FN:359,(anonymous_18)
FN:365,(anonymous_19)
FN:366,(anonymous_20)
FN:386,(anonymous_21)
FN:401,(anonymous_22)
FN:426,(anonymous_23)
FN:470,(anonymous_24)
FN:486,(anonymous_25)
FN:496,(anonymous_26)
FN:540,(anonymous_27)
FN:543,(anonymous_28)
FN:563,(anonymous_29)
FN:586,(anonymous_30)
FN:589,(anonymous_31)
FN:607,(anonymous_32)
FN:629,(anonymous_33)
FN:632,(anonymous_34)
FN:655,(anonymous_35)
FN:658,(anonymous_36)
FN:699,(anonymous_37)
FN:714,(anonymous_38)
FN:725,(anonymous_39)
FN:735,(anonymous_40)
FN:745,(anonymous_41)
FN:762,(anonymous_42)
FN:778,(anonymous_43)
FN:779,(anonymous_44)
FN:785,(anonymous_45)
FN:786,(anonymous_46)
FN:792,(anonymous_47)
FN:808,(anonymous_48)
FN:822,(anonymous_49)
FN:835,(anonymous_50)
FN:842,(anonymous_51)
FN:851,(anonymous_52)
FNF:53
FNH:52
FNDA:12,(anonymous_0)
FNDA:9,(anonymous_1)
FNDA:9,(anonymous_2)
FNDA:36,(anonymous_3)
FNDA:208,(anonymous_4)
FNDA:180,(anonymous_5)
FNDA:180,(anonymous_6)
FNDA:180,(anonymous_7)
FNDA:180,(anonymous_8)
FNDA:9,(anonymous_9)
FNDA:18,(anonymous_10)
FNDA:54,(anonymous_11)
FNDA:54,(anonymous_12)
FNDA:10,(anonymous_13)
FNDA:154,(anonymous_14)
FNDA:10,(anonymous_15)
FNDA:10,(anonymous_16)
FNDA:54,(anonymous_17)
FNDA:10,(anonymous_18)
FNDA:30,(anonymous_19)
FNDA:30,(anonymous_20)
FNDA:10,(anonymous_21)
FNDA:9,(anonymous_22)
FNDA:18,(anonymous_23)
FNDA:9,(anonymous_24)
FNDA:54,(anonymous_25)
FNDA:54,(anonymous_26)
FNDA:9,(anonymous_27)
FNDA:36,(anonymous_28)
FNDA:180,(anonymous_29)
FNDA:9,(anonymous_30)
FNDA:18,(anonymous_31)
FNDA:54,(anonymous_32)
FNDA:9,(anonymous_33)
FNDA:18,(anonymous_34)
FNDA:9,(anonymous_35)
FNDA:54,(anonymous_36)
FNDA:9,(anonymous_37)
FNDA:45,(anonymous_38)
FNDA:9,(anonymous_39)
FNDA:9,(anonymous_40)
FNDA:9,(anonymous_41)
FNDA:9,(anonymous_42)
FNDA:9,(anonymous_43)
FNDA:38,(anonymous_44)
FNDA:9,(anonymous_45)
FNDA:28,(anonymous_46)
FNDA:9,(anonymous_47)
FNDA:9,(anonymous_48)
FNDA:18,(anonymous_49)
FNDA:0,(anonymous_50)
FNDA:11,(anonymous_51)
FNDA:1,(anonymous_52)
DA:72,1
DA:75,12
DA:76,12
DA:77,12
DA:80,12
DA:90,12
DA:97,9
DA:98,9
DA:101,9
DA:104,9
DA:107,9
DA:110,9
DA:113,9
DA:114,9
DA:117,9
DA:118,9
DA:121,9
DA:122,9
DA:125,9
DA:126,9
DA:129,9
DA:131,9
DA:142,9
DA:154,9
DA:161,9
DA:164,9
DA:165,9
DA:168,9
DA:169,9
DA:172,9
DA:173,9
DA:176,9
DA:177,9
DA:179,9
DA:186,36
DA:187,0
DA:200,208
DA:201,36
DA:204,180
DA:207,180
DA:208,36
DA:212,36
DA:215,36
DA:216,36
DA:217,36
DA:218,36
DA:219,36
DA:222,36
DA:223,180
DA:227,36
DA:228,36
DA:229,180
DA:231,36
DA:248,9
DA:251,9
DA:252,9
DA:255,9
DA:256,9
DA:258,9
DA:265,18
DA:266,8
DA:276,54
DA:279,10
DA:280,10
DA:283,10
DA:284,10
DA:287,10
DA:290,10
DA:293,10
DA:294,54
DA:295,54
DA:299,10
DA:301,10
DA:315,10
DA:316,10
DA:317,54
DA:318,54
DA:319,154
DA:320,54
DA:322,10
DA:329,10
DA:330,10
DA:331,44
DA:332,44
DA:334,10
DA:341,10
DA:342,10
DA:343,54
DA:345,10
DA:346,10
DA:348,10
DA:349,54
DA:350,54
DA:353,10
DA:360,10
DA:361,8
DA:365,30
DA:366,30
DA:368,2
DA:369,2
DA:371,2
DA:372,15
DA:373,15
DA:374,180
DA:376,15
DA:377,15
DA:380,2
DA:387,10
DA:388,10
DA:390,10
DA:391,50
DA:392,50
DA:395,10
DA:402,9
DA:405,9
DA:406,9
DA:407,9
DA:413,9
DA:414,9
DA:415,9
DA:420,9
DA:427,18
DA:428,2
DA:438,16
DA:439,16
DA:440,16
DA:443,16
DA:444,16
DA:446,16
DA:447,41
DA:448,41
DA:450,41
DA:451,36
DA:455,16
DA:456,16
DA:458,16
DA:471,9
DA:474,9
DA:475,9
DA:476,9
DA:477,9
DA:480,9
DA:481,9
DA:482,9
DA:483,9
DA:486,9
DA:487,54
DA:490,9
DA:497,54
DA:499,54
DA:501,54
DA:512,0
DA:513,0
DA:514,0
DA:516,0
DA:517,0
DA:520,0
DA:521,0
DA:522,0
DA:523,0
DA:525,0
DA:541,9
DA:543,9
DA:545,36
DA:546,9
DA:563,180
DA:564,36
DA:565,0
DA:580,9
DA:587,9
DA:589,9
DA:591,18
DA:592,10
DA:607,54
DA:608,18
DA:609,10
DA:623,9
DA:630,9
DA:632,9
DA:633,18
DA:634,16
DA:649,9
DA:656,9
DA:658,9
DA:659,54
DA:661,0
DA:662,0
DA:675,0
DA:676,0
DA:693,9
DA:700,9
DA:701,1
DA:704,8
DA:711,8
DA:712,8
DA:714,8
DA:715,45
DA:716,45
DA:717,45
DA:720,8
DA:726,9
DA:736,9
DA:753,9
DA:769,9
DA:779,38
DA:786,28
DA:793,9
DA:794,9
DA:795,1
DA:798,8
DA:799,8
DA:800,30
DA:801,30
DA:802,30
DA:803,30
DA:805,8
DA:809,9
DA:810,9
DA:811,1
DA:814,8
DA:815,8
DA:816,20
DA:817,20
DA:819,8
DA:825,18
DA:829,18
DA:836,0
DA:843,11
DA:844,11
DA:845,11
DA:856,1
LF:231
LH:214
BRDA:186,0,0,0
BRDA:212,1,0,0
BRDA:212,1,1,36
BRDA:223,2,0,160
BRDA:223,2,1,20
BRDA:229,3,0,180
BRDA:229,3,1,180
BRDA:265,4,0,8
BRDA:294,5,0,54
BRDA:294,5,1,1
BRDA:353,6,0,10
BRDA:353,6,1,0
BRDA:360,7,0,8
BRDA:427,8,0,2
BRDA:427,9,0,18
BRDA:427,9,1,18
BRDA:450,10,0,36
BRDA:499,11,0,54
BRDA:499,11,1,0
BRDA:545,12,0,9
BRDA:548,13,0,0
BRDA:548,13,1,9
BRDA:564,14,0,0
BRDA:591,15,0,10
BRDA:600,16,0,10
BRDA:600,16,1,0
BRDA:608,17,0,10
BRDA:633,18,0,16
BRDA:636,19,0,15
BRDA:636,19,1,1
BRDA:659,20,0,0
BRDA:661,21,0,0
BRDA:661,21,1,0
BRDA:675,22,0,0
BRDA:700,23,0,1
BRDA:715,24,0,45
BRDA:715,24,1,0
BRDA:720,25,0,8
BRDA:720,25,1,0
BRDA:788,26,0,28
BRDA:788,26,1,0
BRDA:794,27,0,1
BRDA:810,28,0,1
BRDA:829,29,0,18
BRDA:829,29,1,0
BRF:45
BRH:30
end_of_record
TN:
SF:src/security/api-key.ts
FN:181,(anonymous_9)
FN:214,(anonymous_10)
FN:312,(anonymous_11)
FN:404,(anonymous_12)
FN:427,(anonymous_13)
FN:511,(anonymous_14)
FN:574,(anonymous_15)
FN:617,(anonymous_16)
FN:658,(anonymous_17)
FN:685,(anonymous_18)
FN:754,(anonymous_19)
FN:762,(anonymous_20)
FN:782,(anonymous_21)
FN:794,(anonymous_22)
FN:797,(anonymous_23)
FN:801,(anonymous_24)
FN:813,(anonymous_25)
FN:821,(anonymous_26)
FN:828,(anonymous_27)
FN:866,(anonymous_28)
FN:875,(anonymous_29)
FN:882,(anonymous_30)
FN:889,(anonymous_31)
FN:896,(anonymous_32)
FN:914,(anonymous_33)
FN:989,(anonymous_34)
FN:1011,(anonymous_35)
FN:1030,(anonymous_36)
FN:1063,(anonymous_37)
FNF:29
FNH:28
FNDA:77,(anonymous_9)
FNDA:72,(anonymous_10)
FNDA:46,(anonymous_11)
FNDA:5,(anonymous_12)
FNDA:4,(anonymous_13)
FNDA:7,(anonymous_14)
FNDA:0,(anonymous_15)
FNDA:14,(anonymous_16)
FNDA:3,(anonymous_17)
FNDA:7,(anonymous_18)
FNDA:3,(anonymous_19)
FNDA:2,(anonymous_20)
FNDA:7,(anonymous_21)
FNDA:2,(anonymous_22)
FNDA:1,(anonymous_23)
FNDA:10,(anonymous_24)
FNDA:2,(anonymous_25)
FNDA:10,(anonymous_26)
FNDA:2,(anonymous_27)
FNDA:76,(anonymous_28)
FNDA:76,(anonymous_29)
FNDA:76,(anonymous_30)
FNDA:120,(anonymous_31)
FNDA:76,(anonymous_32)
FNDA:35,(anonymous_33)
FNDA:75,(anonymous_34)
FNDA:15,(anonymous_35)
FNDA:97,(anonymous_36)
FNDA:149,(anonymous_37)
DA:6,2
DA:148,2
DA:153,77
DA:154,77
DA:155,77
DA:156,77
DA:159,77
DA:162,77
DA:165,77
DA:182,77
DA:208,77
DA:215,72
DA:218,72
DA:219,72
DA:220,1
DA:224,1
DA:230,71
DA:231,71
DA:232,71
DA:235,71
DA:236,71
DA:240,71
DA:245,71
DA:251,71
DA:266,71
DA:269,71
DA:270,70
DA:271,70
DA:274,1
DA:278,71
DA:279,56
DA:281,71
DA:284,71
DA:287,71
DA:288,71
DA:289,71
DA:291,71
DA:301,71
DA:323,46
DA:324,46
DA:328,46
DA:329,45
DA:330,45
DA:333,1
DA:336,46
DA:337,3
DA:338,3
DA:342,3
DA:350,43
DA:351,43
DA:352,0
DA:353,0
DA:361,43
DA:362,2
DA:363,2
DA:369,2
DA:377,41
DA:378,41
DA:379,41
DA:381,1
DA:382,1
DA:383,1
DA:384,1
DA:386,1
DA:387,1
DA:393,1
DA:402,40
DA:403,2
DA:404,5
DA:406,2
DA:407,1
DA:408,1
DA:416,1
DA:425,39
DA:426,2
DA:427,4
DA:429,2
DA:430,1
DA:431,1
DA:439,1
DA:449,38
DA:450,35
DA:451,35
DA:452,3
DA:453,3
DA:454,3
DA:461,3
DA:468,32
DA:472,35
DA:475,35
DA:476,15
DA:488,35
DA:489,35
DA:496,35
DA:512,7
DA:515,7
DA:516,7
DA:517,1
DA:521,1
DA:525,6
DA:526,1
DA:531,1
DA:535,5
DA:536,5
DA:537,5
DA:540,5
DA:541,5
DA:544,5
DA:554,5
DA:557,5
DA:558,5
DA:559,5
DA:563,5
DA:564,5
DA:565,5
DA:569,5
DA:570,5
DA:574,5
DA:575,0
DA:576,0
DA:577,0
DA:578,0
DA:579,0
DA:580,0
DA:582,0
DA:591,5
DA:592,5
DA:593,5
DA:595,5
DA:604,5
DA:618,14
DA:620,14
DA:621,14
DA:622,1
DA:626,1
DA:629,13
DA:630,1
DA:634,12
DA:635,12
DA:638,12
DA:639,12
DA:641,12
DA:642,12
DA:643,12
DA:645,12
DA:652,12
DA:659,3
DA:661,3
DA:662,3
DA:663,1
DA:666,2
DA:667,2
DA:668,5
DA:669,5
DA:673,2
DA:679,2
DA:686,7
DA:688,7
DA:689,7
DA:690,1
DA:694,1
DA:698,6
DA:699,2
DA:701,6
DA:702,1
DA:704,6
DA:705,1
DA:707,6
DA:708,1
DA:709,1
DA:712,1
DA:713,1
DA:714,0
DA:715,0
DA:718,1
DA:719,0
DA:720,1
DA:721,0
DA:722,1
DA:723,1
DA:726,6
DA:727,1
DA:731,6
DA:732,0
DA:733,0
DA:737,0
DA:740,6
DA:742,6
DA:748,6
DA:755,3
DA:756,3
DA:763,2
DA:764,2
DA:765,1
DA:768,1
DA:769,1
DA:770,3
DA:771,3
DA:772,3
DA:776,1
DA:790,7
DA:792,7
DA:793,7
DA:794,2
DA:796,7
DA:797,1
DA:801,10
DA:803,7
DA:804,1
DA:807,7
DA:814,2
DA:815,2
DA:822,10
DA:829,2
DA:830,2
DA:832,2
DA:833,2
DA:838,1
DA:839,1
DA:840,1
DA:841,1
DA:843,1
DA:851,2
DA:853,2
DA:854,1
DA:860,2
DA:867,76
DA:868,76
DA:869,76
DA:876,76
DA:883,76
DA:890,120
DA:897,76
DA:898,76
DA:918,35
DA:919,35
DA:920,0
DA:936,35
DA:937,35
DA:938,35
DA:939,0
DA:943,35
DA:946,35
DA:947,0
DA:948,0
DA:950,35
DA:951,0
DA:952,0
DA:954,35
DA:955,0
DA:956,0
DA:958,35
DA:959,0
DA:960,0
DA:964,35
DA:965,1
DA:967,34
DA:968,1
DA:970,33
DA:971,0
DA:973,33
DA:974,1
DA:978,32
DA:979,32
DA:980,32
DA:981,32
DA:983,32
DA:991,75
DA:992,75
DA:993,0
DA:996,75
DA:997,75
DA:998,83
DA:999,83
DA:1005,75
DA:1012,15
DA:1013,4
DA:1016,15
DA:1017,15
DA:1020,15
DA:1021,0
DA:1024,15
DA:1032,97
DA:1033,97
DA:1034,97
DA:1035,97
DA:1037,97
DA:1038,166
DA:1040,147
DA:1041,147
DA:1043,16
DA:1044,16
DA:1046,2
DA:1047,2
DA:1049,1
DA:1050,1
DA:1054,97
DA:1055,97
DA:1056,97
DA:1057,97
DA:1064,149
DA:1065,1
DA:1068,148
DA:1075,148
LF:304
LH:275
BRDA:219,0,0,1
BRDA:219,1,0,72
BRDA:219,1,1,16
BRDA:237,2,0,71
BRDA:237,2,1,70
BRDA:240,3,0,70
BRDA:240,3,1,1
BRDA:256,4,0,71
BRDA:256,4,1,64
BRDA:257,5,0,71
BRDA:257,5,1,64
BRDA:262,6,0,71
BRDA:262,6,1,69
BRDA:269,7,0,70
BRDA:269,7,1,1
BRDA:278,8,0,56
BRDA:328,9,0,45
BRDA:328,9,1,1
BRDA:336,10,0,3
BRDA:351,11,0,0
BRDA:361,12,0,2
BRDA:377,13,0,41
BRDA:379,14,0,1
BRDA:402,15,0,2
BRDA:402,16,0,40
BRDA:402,16,1,2
BRDA:404,17,0,5
BRDA:404,17,1,4
BRDA:406,18,0,1
BRDA:425,19,0,2
BRDA:425,20,0,39
BRDA:425,20,1,2
BRDA:427,21,0,4
BRDA:427,21,1,3
BRDA:429,22,0,1
BRDA:449,23,0,35
BRDA:451,24,0,3
BRDA:475,25,0,15
BRDA:475,26,0,35
BRDA:475,26,1,34
BRDA:480,27,0,15
BRDA:480,27,1,12
BRDA:483,28,0,15
BRDA:483,28,1,0
BRDA:484,29,0,15
BRDA:484,29,1,0
BRDA:516,30,0,1
BRDA:525,31,0,1
BRDA:547,32,0,5
BRDA:547,32,1,4
BRDA:557,33,0,5
BRDA:564,34,0,5
BRDA:576,35,0,0
BRDA:576,36,0,0
BRDA:576,36,1,0
BRDA:617,37,0,0
BRDA:621,38,0,1
BRDA:629,39,0,1
BRDA:638,40,0,12
BRDA:658,41,0,0
BRDA:662,42,0,1
BRDA:662,43,0,3
BRDA:662,43,1,2
BRDA:668,44,0,5
BRDA:689,45,0,1
BRDA:698,46,0,2
BRDA:701,47,0,1
BRDA:704,48,0,1
BRDA:707,49,0,1
BRDA:712,50,0,1
BRDA:712,50,1,0
BRDA:712,51,0,1
BRDA:712,51,1,1
BRDA:714,52,0,0
BRDA:714,53,0,0
BRDA:714,53,1,0
BRDA:718,54,0,0
BRDA:718,54,1,1
BRDA:720,55,0,0
BRDA:720,55,1,1
BRDA:722,56,0,1
BRDA:726,57,0,1
BRDA:731,58,0,0
BRDA:756,59,0,2
BRDA:756,59,1,1
BRDA:764,60,0,1
BRDA:771,61,0,3
BRDA:790,62,0,7
BRDA:790,62,1,2
BRDA:793,63,0,1
BRDA:796,64,0,1
BRDA:803,65,0,1
BRDA:815,66,0,1
BRDA:815,66,1,1
BRDA:833,67,0,1
BRDA:834,68,0,2
BRDA:834,68,1,2
BRDA:834,68,2,1
BRDA:853,69,0,1
BRDA:919,70,0,0
BRDA:938,71,0,0
BRDA:946,72,0,0
BRDA:950,73,0,0
BRDA:954,74,0,0
BRDA:958,75,0,0
BRDA:964,76,0,1
BRDA:967,77,0,1
BRDA:970,78,0,0
BRDA:973,79,0,1
BRDA:992,80,0,0
BRDA:999,81,0,78
BRDA:1012,82,0,4
BRDA:1020,83,0,0
BRDA:1038,84,0,147
BRDA:1038,84,1,16
BRDA:1038,84,2,2
BRDA:1038,84,3,1
BRDA:1064,85,0,1
BRF:118
BRH:94
end_of_record
TN:
SF:src/security/audit-logger.ts
FN:135,(anonymous_9)
FN:148,(anonymous_10)
FN:226,(anonymous_11)
FN:248,(anonymous_12)
FN:271,(anonymous_13)
FN:293,(anonymous_14)
FN:316,(anonymous_15)
FN:338,(anonymous_16)
FN:360,(anonymous_17)
FN:382,(anonymous_18)
FN:404,(anonymous_19)
FN:426,(anonymous_20)
FN:449,(anonymous_21)
FN:454,(anonymous_22)
FN:457,(anonymous_23)
FN:460,(anonymous_24)
FN:463,(anonymous_25)
FN:467,(anonymous_26)
FN:470,(anonymous_27)
FN:473,(anonymous_28)
FN:477,(anonymous_29)
FN:477,(anonymous_30)
FN:480,(anonymous_31)
FN:485,(anonymous_32)
FN:493,(anonymous_33)
FN:511,(anonymous_34)
FN:518,(anonymous_35)
FN:529,(anonymous_36)
FN:563,(anonymous_37)
FN:587,(anonymous_38)
FN:593,(anonymous_39)
FN:656,(anonymous_40)
FN:712,(anonymous_41)
FN:719,(anonymous_42)
FN:739,(anonymous_43)
FN:755,(anonymous_44)
FN:781,(anonymous_45)
FN:808,(anonymous_46)
FN:820,(anonymous_47)
FN:825,(anonymous_48)
FN:828,(anonymous_49)
FN:831,(anonymous_50)
FN:840,(anonymous_51)
FN:843,(anonymous_52)
FN:846,(anonymous_53)
FN:848,(anonymous_54)
FN:851,(anonymous_55)
FN:885,(anonymous_56)
FN:893,(anonymous_57)
FN:902,(anonymous_58)
FN:908,(anonymous_59)
FN:916,(anonymous_60)
FN:921,(anonymous_61)
FN:928,(anonymous_62)
FN:938,(anonymous_63)
FN:944,(anonymous_64)
FN:948,(anonymous_65)
FN:953,(anonymous_66)
FN:994,getAuditLogger
FN:1012,resetAuditLogger
FNF:60
FNH:54
FNDA:94,(anonymous_9)
FNDA:357,(anonymous_10)
FNDA:86,(anonymous_11)
FNDA:5,(anonymous_12)
FNDA:15,(anonymous_13)
FNDA:123,(anonymous_14)
FNDA:1,(anonymous_15)
FNDA:15,(anonymous_16)
FNDA:1,(anonymous_17)
FNDA:1,(anonymous_18)
FNDA:1,(anonymous_19)
FNDA:96,(anonymous_20)
FNDA:9,(anonymous_21)
FNDA:4,(anonymous_22)
FNDA:4,(anonymous_23)
FNDA:8,(anonymous_24)
FNDA:4,(anonymous_25)
FNDA:4,(anonymous_26)
FNDA:0,(anonymous_27)
FNDA:4,(anonymous_28)
FNDA:0,(anonymous_29)
FNDA:0,(anonymous_30)
FNDA:6,(anonymous_31)
FNDA:4,(anonymous_32)
FNDA:12,(anonymous_33)
FNDA:4,(anonymous_34)
FNDA:3,(anonymous_35)
FNDA:4,(anonymous_36)
FNDA:1,(anonymous_37)
FNDA:4,(anonymous_38)
FNDA:68,(anonymous_39)
FNDA:1,(anonymous_40)
FNDA:357,(anonymous_41)
FNDA:364,(anonymous_42)
FNDA:357,(anonymous_43)
FNDA:1,(anonymous_44)
FNDA:357,(anonymous_45)
FNDA:357,(anonymous_46)
FNDA:15,(anonymous_47)
FNDA:43,(anonymous_48)
FNDA:40,(anonymous_49)
FNDA:15,(anonymous_50)
FNDA:6,(anonymous_51)
FNDA:13,(anonymous_52)
FNDA:13,(anonymous_53)
FNDA:13,(anonymous_54)
FNDA:13,(anonymous_55)
FNDA:4,(anonymous_56)
FNDA:68,(anonymous_57)
FNDA:20,(anonymous_58)
FNDA:68,(anonymous_59)
FNDA:4,(anonymous_60)
FNDA:68,(anonymous_61)
FNDA:0,(anonymous_62)
FNDA:4,(anonymous_63)
FNDA:8,(anonymous_64)
FNDA:4,(anonymous_65)
FNDA:8,(anonymous_66)
FNDA:0,getAuditLogger
FNDA:0,resetAuditLogger
DA:7,2
DA:126,2
DA:130,94
DA:131,94
DA:132,94
DA:133,94
DA:136,94
DA:137,94
DA:138,94
DA:140,94
DA:141,1
DA:158,357
DA:159,357
DA:162,357
DA:184,357
DA:185,357
DA:186,357
DA:190,357
DA:191,1
DA:195,357
DA:198,357
DA:201,357
DA:202,118
DA:216,357
DA:217,6
DA:220,357
DA:232,86
DA:233,86
DA:255,5
DA:256,5
DA:278,15
DA:300,123
DA:301,123
DA:323,1
DA:344,15
DA:345,15
DA:367,1
DA:389,1
DA:411,1
DA:433,96
DA:434,96
DA:450,9
DA:453,9
DA:454,4
DA:456,9
DA:457,4
DA:459,9
DA:460,8
DA:462,9
DA:463,4
DA:465,9
DA:466,2
DA:467,4
DA:469,2
DA:470,0
DA:472,2
DA:473,4
DA:476,9
DA:477,0
DA:479,9
DA:480,6
DA:482,9
DA:483,1
DA:484,1
DA:486,4
DA:493,12
DA:496,9
DA:497,9
DA:498,9
DA:499,9
DA:501,9
DA:512,4
DA:524,3
DA:525,0
DA:528,3
DA:529,4
DA:532,3
DA:533,3
DA:534,7
DA:535,7
DA:536,0
DA:544,7
DA:545,7
DA:546,1
DA:554,6
DA:557,2
DA:564,1
DA:565,1
DA:567,1
DA:568,1
DA:570,1
DA:571,2
DA:572,1
DA:574,1
DA:576,1
DA:577,1
DA:581,1
DA:592,4
DA:593,68
DA:596,4
DA:610,4
DA:617,4
DA:618,4
DA:620,4
DA:621,68
DA:622,68
DA:624,68
DA:625,0
DA:628,68
DA:629,4
DA:633,4
DA:634,4
DA:636,4
DA:663,1
DA:665,1
DA:679,1
DA:686,1
DA:692,1
DA:693,4
DA:694,4
DA:695,4
DA:698,1
DA:700,1
DA:713,357
DA:720,364
DA:733,364
DA:740,357
DA:741,357
DA:743,357
DA:744,1785
DA:745,3
DA:749,357
DA:756,1
DA:757,0
DA:760,1
DA:761,1
DA:763,1
DA:768,1
DA:770,1
DA:782,357
DA:790,357
DA:809,357
DA:821,15
DA:822,15
DA:823,15
DA:825,43
DA:826,1
DA:828,40
DA:829,1
DA:831,15
DA:832,12
DA:834,1
DA:841,6
DA:842,6
DA:843,13
DA:846,13
DA:847,6
DA:848,13
DA:850,6
DA:851,13
DA:854,6
DA:855,1
DA:863,6
DA:864,2
DA:872,6
DA:873,0
DA:889,4
DA:892,4
DA:893,68
DA:895,4
DA:896,4
DA:902,20
DA:907,4
DA:908,68
DA:910,4
DA:911,4
DA:916,4
DA:921,68
DA:922,4
DA:923,0
DA:928,0
DA:932,4
DA:942,4
DA:944,8
DA:945,0
DA:948,4
DA:949,4
DA:950,4
DA:953,8
DA:954,0
DA:955,0
DA:958,4
DA:959,3
DA:960,3
DA:961,3
DA:964,4
DA:965,1
DA:966,1
DA:967,1
DA:970,4
DA:975,2
DA:992,2
DA:994,2
DA:999,0
DA:1000,0
DA:1001,0
DA:1003,0
DA:1009,0
DA:1012,2
DA:1013,0
LF:210
LH:192
BRDA:140,0,0,1
BRDA:140,1,0,94
BRDA:140,1,1,1
BRDA:155,2,0,11
BRDA:156,3,0,11
BRDA:178,4,0,357
BRDA:178,4,1,0
BRDA:184,5,0,357
BRDA:190,6,0,1
BRDA:190,7,0,357
BRDA:190,7,1,1
BRDA:201,8,0,118
BRDA:216,9,0,6
BRDA:230,10,0,0
BRDA:232,11,0,75
BRDA:232,11,1,11
BRDA:253,12,0,0
BRDA:255,13,0,4
BRDA:255,13,1,1
BRDA:276,14,0,0
BRDA:298,15,0,0
BRDA:300,16,0,4
BRDA:300,16,1,119
BRDA:321,17,0,0
BRDA:341,18,0,0
BRDA:342,19,0,0
BRDA:365,20,0,0
BRDA:387,21,0,0
BRDA:409,22,0,0
BRDA:431,23,0,0
BRDA:433,24,0,4
BRDA:433,24,1,92
BRDA:453,25,0,1
BRDA:456,26,0,1
BRDA:459,27,0,2
BRDA:459,28,0,9
BRDA:459,28,1,2
BRDA:462,29,0,1
BRDA:462,30,0,9
BRDA:462,30,1,1
BRDA:465,31,0,2
BRDA:466,32,0,1
BRDA:469,33,0,0
BRDA:472,34,0,1
BRDA:476,35,0,0
BRDA:476,36,0,9
BRDA:476,36,1,0
BRDA:479,37,0,2
BRDA:479,38,0,9
BRDA:479,38,1,2
BRDA:482,39,0,1
BRDA:486,40,0,4
BRDA:486,40,1,3
BRDA:486,40,2,3
BRDA:497,41,0,9
BRDA:497,41,1,9
BRDA:498,42,0,9
BRDA:498,42,1,8
BRDA:524,43,0,0
BRDA:535,44,0,0
BRDA:545,45,0,1
BRDA:571,46,0,1
BRDA:572,47,0,1
BRDA:593,48,0,68
BRDA:593,48,1,68
BRDA:624,49,0,0
BRDA:628,50,0,4
BRDA:628,51,0,68
BRDA:628,51,1,68
BRDA:744,52,0,3
BRDA:756,53,0,0
BRDA:810,54,0,357
BRDA:810,54,1,340
BRDA:810,54,2,243
BRDA:810,54,3,243
BRDA:825,55,0,1
BRDA:828,56,0,1
BRDA:831,57,0,12
BRDA:848,58,0,13
BRDA:848,58,1,10
BRDA:851,59,0,13
BRDA:851,59,1,3
BRDA:854,60,0,1
BRDA:863,61,0,2
BRDA:872,62,0,0
BRDA:893,63,0,68
BRDA:893,63,1,60
BRDA:895,64,0,4
BRDA:908,65,0,68
BRDA:908,65,1,4
BRDA:910,66,0,4
BRDA:922,67,0,0
BRDA:944,68,0,0
BRDA:948,69,0,4
BRDA:953,70,0,0
BRDA:958,71,0,3
BRDA:964,72,0,1
BRDA:999,73,0,0
BRDA:1000,74,0,0
BRDA:1000,75,0,0
BRDA:1000,75,1,0
BRDA:1004,76,0,0
BRDA:1004,76,1,0
BRF:103
BRH:74
end_of_record
TN:
SF:src/security/bot-detection-ml.ts
FN:70,(anonymous_9)
FN:98,(anonymous_10)
FN:130,(anonymous_11)
FN:157,(anonymous_12)
FN:210,(anonymous_13)
FN:256,(anonymous_14)
FN:297,(anonymous_15)
FN:331,(anonymous_16)
FN:356,(anonymous_17)
FN:375,(anonymous_18)
FN:390,(anonymous_19)
FN:400,(anonymous_20)
FN:440,(anonymous_21)
FN:544,(anonymous_22)
FN:559,(anonymous_23)
FN:596,(anonymous_24)
FN:606,(anonymous_25)
FN:615,(anonymous_26)
FN:636,(anonymous_27)
FN:674,(anonymous_28)
FN:718,(anonymous_29)
FN:746,(anonymous_30)
FN:758,(anonymous_31)
FN:765,(anonymous_32)
FN:772,(anonymous_33)
FN:789,(anonymous_34)
FNF:26
FNH:23
FNDA:27,(anonymous_9)
FNDA:17,(anonymous_10)
FNDA:0,(anonymous_11)
FNDA:17,(anonymous_12)
FNDA:17,(anonymous_13)
FNDA:15,(anonymous_14)
FNDA:15,(anonymous_15)
FNDA:15,(anonymous_16)
FNDA:15,(anonymous_17)
FNDA:15,(anonymous_18)
FNDA:465,(anonymous_19)
FNDA:7,(anonymous_20)
FNDA:4,(anonymous_21)
FNDA:4,(anonymous_22)
FNDA:4,(anonymous_23)
FNDA:2,(anonymous_24)
FNDA:2,(anonymous_25)
FNDA:0,(anonymous_26)
FNDA:1,(anonymous_27)
FNDA:1,(anonymous_28)
FNDA:0,(anonymous_29)
FNDA:1,(anonymous_30)
FNDA:1,(anonymous_31)
FNDA:1,(anonymous_32)
FNDA:7,(anonymous_33)
FNDA:26,(anonymous_34)
DA:6,1
DA:60,1
DA:61,27
DA:66,27
DA:67,27
DA:68,27
DA:76,27
DA:90,27
DA:91,27
DA:92,27
DA:99,17
DA:100,17
DA:101,0
DA:103,17
DA:106,17
DA:117,0
DA:123,0
DA:131,0
DA:132,0
DA:135,0
DA:136,0
DA:137,0
DA:144,0
DA:150,0
DA:158,17
DA:161,17
DA:171,17
DA:172,17
DA:175,17
DA:176,34
DA:185,34
DA:186,34
DA:190,17
DA:198,17
DA:204,17
DA:211,17
DA:214,17
DA:215,2
DA:218,15
DA:221,15
DA:222,15
DA:225,15
DA:226,15
DA:229,15
DA:230,15
DA:233,15
DA:234,15
DA:237,15
DA:238,15
DA:241,15
DA:242,0
DA:245,15
DA:248,15
DA:250,15
DA:257,15
DA:298,15
DA:339,15
DA:363,15
DA:376,15
DA:377,15
DA:379,15
DA:381,15
DA:391,465
DA:392,0
DA:394,465
DA:401,7
DA:403,7
DA:404,1
DA:408,6
DA:411,6
DA:414,6
DA:415,6
DA:418,6
DA:419,6
DA:422,6
DA:425,6
DA:426,6
DA:428,6
DA:441,4
DA:444,4
DA:447,4
DA:448,4
DA:451,4
DA:452,4
DA:455,4
DA:460,4
DA:463,4
DA:466,4
DA:467,0
DA:478,4
DA:481,4
DA:511,4
DA:524,4
DA:538,4
DA:545,4
DA:546,0
DA:547,4
DA:548,0
DA:549,4
DA:550,4
DA:552,0
DA:564,4
DA:567,4
DA:568,0
DA:571,4
DA:572,4
DA:576,4
DA:577,1
DA:581,4
DA:582,0
DA:586,4
DA:587,0
DA:590,4
DA:597,2
DA:598,1
DA:601,1
DA:603,1
DA:605,1
DA:606,2
DA:609,1
DA:616,0
DA:617,0
DA:634,1
DA:635,1
DA:636,1
DA:638,1
DA:639,1
DA:642,1
DA:643,1
DA:644,1
DA:646,1
DA:648,1
DA:659,1
DA:661,0
DA:667,0
DA:675,1
DA:676,1
DA:677,1
DA:678,1
DA:680,1
DA:681,2
DA:682,0
DA:683,2
DA:684,0
DA:685,2
DA:686,1
DA:687,1
DA:688,0
DA:692,1
DA:693,1
DA:694,1
DA:695,1
DA:698,1
DA:699,1
DA:700,1
DA:702,1
DA:719,0
DA:720,0
DA:723,0
DA:724,0
DA:726,0
DA:733,0
DA:739,0
DA:747,1
DA:748,1
DA:751,0
DA:752,0
DA:759,1
DA:766,1
DA:778,7
DA:790,26
DA:791,17
DA:792,17
DA:794,26
LF:174
LH:139
BRDA:100,0,0,0
BRDA:100,0,1,17
BRDA:100,1,0,17
BRDA:100,1,1,0
BRDA:131,2,0,0
BRDA:214,3,0,2
BRDA:289,4,0,14
BRDA:289,4,1,1
BRDA:290,5,0,15
BRDA:290,5,1,0
BRDA:313,6,0,1
BRDA:313,6,1,14
BRDA:314,7,0,0
BRDA:314,7,1,15
BRDA:315,8,0,0
BRDA:315,8,1,15
BRDA:316,9,0,1
BRDA:316,9,1,14
BRDA:319,10,0,1
BRDA:319,10,1,14
BRDA:320,11,0,1
BRDA:320,11,1,14
BRDA:323,12,0,14
BRDA:323,12,1,1
BRDA:323,13,0,15
BRDA:323,13,1,14
BRDA:324,14,0,14
BRDA:324,14,1,1
BRDA:324,15,0,15
BRDA:324,15,1,14
BRDA:348,16,0,15
BRDA:348,16,1,0
BRDA:349,17,0,15
BRDA:349,17,1,0
BRDA:377,18,0,15
BRDA:377,18,1,0
BRDA:379,19,0,7
BRDA:379,19,1,8
BRDA:391,20,0,0
BRDA:403,21,0,1
BRDA:466,22,0,0
BRDA:545,23,0,0
BRDA:545,23,1,4
BRDA:545,24,0,4
BRDA:545,24,1,0
BRDA:547,25,0,0
BRDA:547,25,1,4
BRDA:547,26,0,4
BRDA:547,26,1,3
BRDA:549,27,0,4
BRDA:549,27,1,0
BRDA:549,28,0,4
BRDA:549,28,1,4
BRDA:567,29,0,0
BRDA:571,30,0,4
BRDA:576,31,0,1
BRDA:581,32,0,0
BRDA:586,33,0,0
BRDA:586,34,0,4
BRDA:586,34,1,1
BRDA:597,35,0,1
BRDA:616,36,0,0
BRDA:636,37,0,0
BRDA:636,37,1,1
BRDA:681,38,0,0
BRDA:681,38,1,2
BRDA:681,39,0,2
BRDA:681,39,1,1
BRDA:683,40,0,0
BRDA:683,40,1,2
BRDA:683,41,0,2
BRDA:683,41,1,1
BRDA:685,42,0,1
BRDA:685,42,1,1
BRDA:685,43,0,2
BRDA:685,43,1,1
BRDA:687,44,0,0
BRDA:687,45,0,1
BRDA:687,45,1,1
BRDA:693,46,0,1
BRDA:693,46,1,1
BRDA:694,47,0,1
BRDA:694,47,1,1
BRDA:695,48,0,1
BRDA:695,48,1,1
BRDA:699,49,0,1
BRDA:699,49,1,1
BRDA:719,50,0,0
BRDA:747,51,0,1
BRDA:781,52,0,7
BRDA:781,52,1,7
BRDA:790,53,0,17
BRF:92
BRH:68
end_of_record
TN:
SF:src/security/config.ts
FN:15,(anonymous_0)
FN:111,(anonymous_1)
FN:118,(anonymous_2)
FN:128,(anonymous_3)
FN:159,(anonymous_4)
FN:174,(anonymous_5)
FN:191,(anonymous_6)
FN:201,(anonymous_7)
FNF:8
FNH:8
FNDA:213,(anonymous_0)
FNDA:98,(anonymous_1)
FNDA:2,(anonymous_2)
FNDA:7,(anonymous_3)
FNDA:1,(anonymous_4)
FNDA:3,(anonymous_5)
FNDA:5,(anonymous_6)
FNDA:2,(anonymous_7)
DA:7,15
DA:8,15
DA:10,15
DA:16,213
DA:96,213
DA:105,213
DA:112,98
DA:119,2
DA:130,7
DA:131,2
DA:134,5
DA:135,1
DA:139,4
DA:140,1
DA:143,3
DA:144,1
DA:148,2
DA:153,2
DA:160,1
DA:180,3
DA:192,5
DA:193,2
DA:195,3
DA:206,2
LF:24
LH:24
BRDA:130,0,0,2
BRDA:134,1,0,1
BRDA:139,2,0,1
BRDA:143,3,0,1
BRDA:148,4,0,1
BRDA:192,5,0,2
BRF:6
BRH:6
end_of_record
TN:
SF:src/security/crypto.ts
FN:26,(anonymous_9)
FN:71,(anonymous_10)
FN:111,(anonymous_11)
FN:164,(anonymous_12)
FN:201,(anonymous_13)
FN:233,(anonymous_14)
FN:250,(anonymous_15)
FN:287,(anonymous_16)
FN:318,(anonymous_17)
FN:355,(anonymous_18)
FN:377,(anonymous_19)
FN:418,(anonymous_20)
FN:459,(anonymous_21)
FN:495,(anonymous_22)
FN:514,(anonymous_23)
FN:521,(anonymous_24)
FN:525,(anonymous_25)
FN:529,(anonymous_26)
FN:533,(anonymous_27)
FN:550,(anonymous_28)
FN:551,(anonymous_29)
FN:552,(anonymous_30)
FN:556,(anonymous_31)
FNF:23
FNH:6
FNDA:325,(anonymous_9)
FNDA:39,(anonymous_10)
FNDA:7,(anonymous_11)
FNDA:0,(anonymous_12)
FNDA:0,(anonymous_13)
FNDA:0,(anonymous_14)
FNDA:0,(anonymous_15)
FNDA:0,(anonymous_16)
FNDA:0,(anonymous_17)
FNDA:0,(anonymous_18)
FNDA:0,(anonymous_19)
FNDA:0,(anonymous_20)
FNDA:0,(anonymous_21)
FNDA:46,(anonymous_22)
FNDA:0,(anonymous_23)
FNDA:325,(anonymous_24)
FNDA:0,(anonymous_25)
FNDA:0,(anonymous_26)
FNDA:0,(anonymous_27)
FNDA:0,(anonymous_28)
FNDA:0,(anonymous_29)
FNDA:0,(anonymous_30)
FNDA:46,(anonymous_31)
DA:6,21
DA:7,21
DA:20,21
DA:23,325
DA:27,325
DA:52,325
DA:65,325
DA:72,39
DA:74,39
DA:75,39
DA:76,0
DA:79,39
DA:80,39
DA:81,0
DA:84,39
DA:85,39
DA:91,39
DA:92,39
DA:94,39
DA:100,39
DA:101,39
DA:103,0
DA:104,0
DA:112,7
DA:114,7
DA:115,7
DA:121,0
DA:124,7
DA:125,7
DA:126,0
DA:129,7
DA:135,7
DA:137,7
DA:142,7
DA:147,7
DA:148,7
DA:150,0
DA:156,0
DA:157,0
DA:165,0
DA:167,0
DA:168,0
DA:169,0
DA:172,0
DA:184,0
DA:190,0
DA:191,0
DA:193,0
DA:194,0
DA:202,0
DA:204,0
DA:205,0
DA:206,0
DA:209,0
DA:210,0
DA:211,0
DA:212,0
DA:214,0
DA:219,0
DA:220,0
DA:222,0
DA:228,0
DA:229,0
DA:234,0
DA:235,0
DA:236,0
DA:237,0
DA:241,0
DA:243,0
DA:251,0
DA:253,0
DA:254,0
DA:255,0
DA:259,0
DA:261,0
DA:262,0
DA:265,0
DA:266,0
DA:269,0
DA:270,0
DA:272,0
DA:273,0
DA:276,0
DA:277,0
DA:279,0
DA:280,0
DA:288,0
DA:290,0
DA:291,0
DA:292,0
DA:293,0
DA:297,0
DA:307,0
DA:308,0
DA:310,0
DA:311,0
DA:323,0
DA:325,0
DA:326,0
DA:338,0
DA:344,0
DA:345,0
DA:347,0
DA:348,0
DA:356,0
DA:358,0
DA:359,0
DA:360,0
DA:364,0
DA:366,0
DA:367,0
DA:369,0
DA:370,0
DA:388,0
DA:390,0
DA:392,0
DA:396,0
DA:398,0
DA:400,0
DA:407,0
DA:408,0
DA:410,0
DA:411,0
DA:424,0
DA:426,0
DA:428,0
DA:431,0
DA:433,0
DA:440,0
DA:445,0
DA:447,0
DA:452,0
DA:465,0
DA:467,0
DA:468,0
DA:469,0
DA:470,0
DA:471,0
DA:473,0
DA:480,0
DA:481,0
DA:483,0
DA:488,0
DA:496,46
DA:497,46
DA:498,46
DA:501,46
DA:502,0
DA:505,46
DA:507,0
DA:515,0
DA:522,325
DA:526,0
DA:530,0
DA:534,0
DA:535,0
DA:537,0
DA:538,0
DA:541,0
DA:542,0
DA:543,0
DA:544,0
DA:547,0
DA:551,0
DA:552,0
DA:553,0
DA:557,46
DA:559,46
DA:560,46
DA:562,0
DA:565,46
DA:567,39
DA:568,39
DA:570,7
DA:571,7
DA:573,0
DA:574,0
DA:578,46
DA:579,46
LF:179
LH:46
BRDA:75,0,0,0
BRDA:79,1,0,39
BRDA:79,1,1,39
BRDA:80,2,0,0
BRDA:115,3,0,0
BRDA:116,4,0,7
BRDA:116,4,1,7
BRDA:116,4,2,7
BRDA:116,4,3,7
BRDA:124,5,0,7
BRDA:124,5,1,7
BRDA:125,6,0,0
BRDA:153,7,0,0
BRDA:153,7,1,0
BRDA:164,8,0,0
BRDA:168,9,0,0
BRDA:205,10,0,0
BRDA:205,11,0,0
BRDA:205,11,1,0
BRDA:225,12,0,0
BRDA:225,12,1,0
BRDA:236,13,0,0
BRDA:254,14,0,0
BRDA:254,15,0,0
BRDA:254,15,1,0
BRDA:259,16,0,0
BRDA:259,16,1,0
BRDA:261,17,0,0
BRDA:265,18,0,0
BRDA:294,19,0,0
BRDA:294,19,1,0
BRDA:318,20,0,0
BRDA:359,21,0,0
BRDA:359,22,0,0
BRDA:359,22,1,0
BRDA:501,23,0,0
BRDA:538,24,0,0
BRDA:538,24,1,0
BRDA:559,25,0,46
BRDA:559,25,1,0
BRDA:565,26,0,39
BRDA:565,26,1,7
BRDA:565,26,2,0
BRF:43
BRH:11
end_of_record
TN:
SF:src/security/device-fingerprint-analyzer.ts
FN:119,(anonymous_9)
FN:141,(anonymous_10)
FN:204,(anonymous_11)
FN:263,(anonymous_12)
FN:285,(anonymous_13)
FN:301,(anonymous_14)
FN:321,(anonymous_15)
FN:336,(anonymous_16)
FN:350,(anonymous_17)
FN:362,(anonymous_18)
FN:374,(anonymous_19)
FN:433,(anonymous_20)
FN:440,(anonymous_21)
FN:457,(anonymous_22)
FN:502,(anonymous_23)
FN:548,(anonymous_24)
FN:604,(anonymous_25)
FN:632,(anonymous_26)
[...]
FNDA:48,(anonymous_2)
FNDA:480,(anonymous_3)
FNDA:48,(anonymous_4)
FNDA:384,(anonymous_5)
FNDA:48,(anonymous_6)
FNDA:96,(anonymous_7)
FNDA:22,(anonymous_8)
FNDA:5,(anonymous_9)
FNDA:5,(anonymous_10)
FNDA:5,(anonymous_11)
FNDA:24,(anonymous_12)
FNDA:230,(anonymous_13)
FNDA:7,(anonymous_14)
FNDA:27,(anonymous_15)
FNDA:208,(anonymous_16)
FNDA:8,(anonymous_17)
FNDA:15,(anonymous_18)
FNDA:1,(anonymous_19)
FNDA:1,(anonymous_20)
FNDA:1,(anonymous_21)
FNDA:1,(anonymous_22)
FNDA:1,(anonymous_23)
FNDA:7,(anonymous_24)
FNDA:1,(anonymous_25)
FNDA:1,(anonymous_26)
FNDA:2,(anonymous_27)
FNDA:6,(anonymous_28)
FNDA:1,(anonymous_29)
FNDA:1,(anonymous_30)
FNDA:3,(anonymous_31)
FNDA:1,(anonymous_32)
FNDA:969,(anonymous_33)
FNDA:55,(anonymous_34)
FNDA:7,(anonymous_35)
FNDA:7,(anonymous_36)
FNDA:7,(anonymous_37)
FNDA:20,(anonymous_38)
DA:155,1
DA:160,48
DA:161,48
DA:162,48
DA:163,48
DA:166,48
DA:167,48
DA:168,48
DA:169,48
DA:172,48
DA:186,48
DA:204,48
DA:205,48
DA:213,48
DA:216,48
DA:219,48
DA:221,48
DA:228,48
DA:345,48
DA:346,480
DA:347,480
DA:353,480
DA:356,48
DA:363,48
DA:488,48
DA:489,384
DA:490,384
DA:496,384
DA:499,48
DA:506,48
DA:527,48
DA:528,96
DA:529,96
DA:535,96
DA:538,48
DA:545,22
DA:546,1
DA:550,21
DA:551,21
DA:552,1
DA:553,1
DA:556,20
DA:559,20
DA:560,5
DA:563,20
DA:564,15
DA:568,5
DA:575,5
DA:576,5
DA:577,5
DA:578,5
DA:580,5
DA:581,5
DA:582,5
DA:584,5
DA:585,5
DA:586,5
DA:587,5
DA:591,5
DA:606,5
DA:610,5
DA:613,5
DA:614,4
DA:622,5
DA:629,24
DA:630,1
DA:633,23
DA:635,23
DA:636,230
DA:637,0
DA:640,230
DA:642,230
DA:645,230
DA:648,230
DA:649,230
DA:651,0
DA:652,0
DA:655,0
DA:658,0
DA:661,230
DA:662,7
DA:667,23
DA:668,7
DA:670,7
DA:675,23
DA:682,27
DA:683,1
DA:686,26
DA:688,26
DA:689,208
DA:690,0
DA:693,208
DA:694,758
DA:695,758
DA:696,758
DA:697,8
DA:698,8
DA:702,0
DA:708,26
DA:709,8
DA:711,8
DA:716,26
DA:729,15
DA:730,15
DA:731,15
DA:732,15
DA:733,15
DA:736,15
DA:737,15
DA:738,15
DA:739,1
DA:740,1
DA:747,15
DA:748,15
DA:749,15
DA:750,15
DA:751,1
DA:752,1
DA:753,1
DA:759,15
DA:760,15
DA:761,15
DA:762,15
DA:763,1
DA:764,1
DA:769,15
DA:770,15
DA:772,15
DA:773,1
DA:774,1
DA:780,1
DA:782,1
DA:783,1
DA:784,14
DA:785,1
DA:786,1
DA:792,1
DA:794,1
DA:795,1
DA:798,15
DA:800,15
DA:823,7
DA:824,7
DA:826,7
DA:833,7
DA:834,7
DA:836,7
DA:843,1
DA:844,1
DA:846,1
DA:853,1
DA:854,1
DA:856,1
DA:863,1
DA:864,1
DA:866,1
DA:873,1
DA:874,1
DA:876,1
DA:883,2
DA:884,2
DA:885,1
DA:888,1
DA:891,1
DA:893,1
DA:899,1
DA:901,0
DA:906,0
DA:914,6
DA:921,1
DA:928,1
DA:935,3
DA:942,1
DA:943,1
DA:944,1
DA:945,1
DA:946,1
DA:947,1
DA:954,969
DA:961,55
DA:964,55
DA:965,55
DA:966,7
DA:971,55
DA:972,55
DA:973,7
DA:978,55
DA:979,55
DA:980,7
DA:984,55
DA:991,20
DA:992,0
DA:995,20
DA:1002,20
LF:194
LH:184
BRDA:545,0,0,1
BRDA:551,1,0,1
BRDA:560,2,0,5
BRDA:560,2,1,5
BRDA:563,3,0,15
BRDA:585,4,0,5
BRDA:613,5,0,4
BRDA:629,6,0,1
BRDA:636,7,0,0
BRDA:642,8,0,230
BRDA:642,8,1,0
BRDA:642,8,2,0
BRDA:642,8,3,0
BRDA:645,9,0,230
BRDA:645,9,1,0
BRDA:661,10,0,7
BRDA:667,11,0,7
BRDA:682,12,0,1
BRDA:689,13,0,0
BRDA:696,14,0,8
BRDA:708,15,0,8
BRDA:736,16,0,15
BRDA:738,17,0,1
BRDA:738,18,0,15
BRDA:738,18,1,1
BRDA:747,19,0,15
BRDA:752,20,0,1
BRDA:752,21,0,1
BRDA:752,21,1,0
BRDA:759,22,0,15
BRDA:772,23,0,1
BRDA:772,23,1,14
BRDA:780,24,0,1
BRDA:780,24,1,0
BRDA:784,25,0,1
BRDA:792,26,0,1
BRDA:792,26,1,0
BRDA:798,27,0,15
BRDA:798,27,1,13
BRDA:884,28,0,1
BRDA:884,29,0,2
BRDA:884,29,1,1
BRDA:967,30,0,7
BRDA:967,30,1,7
BRDA:974,31,0,7
BRDA:974,31,1,7
BRDA:981,32,0,7
BRDA:981,32,1,7
BRDA:991,33,0,0
BRF:49
BRH:39
end_of_record
TN:
SF:src/services/cache-service.ts
FN:43,(anonymous_1)
FN:82,(anonymous_2)
FN:151,(anonymous_3)
FN:185,(anonymous_4)
FN:213,(anonymous_5)
FN:248,(anonymous_6)
FN:286,(anonymous_7)
FN:293,(anonymous_8)
FN:311,(anonymous_9)
FN:342,(anonymous_10)
FN:353,(anonymous_11)
FN:371,(anonymous_12)
FN:396,(anonymous_13)
FN:418,(anonymous_14)
FN:423,(anonymous_15)
FN:440,(anonymous_16)
FN:442,(anonymous_17)
FN:449,(anonymous_18)
FN:450,(anonymous_19)
FN:456,(anonymous_20)
FN:457,(anonymous_21)
FN:462,(anonymous_22)
FNF:22
FNH:20
FNDA:29,(anonymous_1)
FNDA:10,(anonymous_2)
FNDA:18,(anonymous_3)
FNDA:2,(anonymous_4)
FNDA:4,(anonymous_5)
FNDA:2,(anonymous_6)
FNDA:6,(anonymous_7)
FNDA:2,(anonymous_8)
FNDA:2,(anonymous_9)
FNDA:30,(anonymous_10)
FNDA:20,(anonymous_11)
FNDA:7,(anonymous_12)
FNDA:18,(anonymous_13)
FNDA:9,(anonymous_14)
FNDA:1,(anonymous_15)
FNDA:8,(anonymous_16)
FNDA:11,(anonymous_17)
FNDA:21,(anonymous_18)
FNDA:34,(anonymous_19)
FNDA:29,(anonymous_20)
FNDA:0,(anonymous_21)
FNDA:0,(anonymous_22)
DA:1,1
DA:35,1
DA:44,29
DA:45,29
DA:54,29
DA:55,29
DA:70,29
DA:76,29
DA:83,10
DA:86,10
DA:87,10
DA:88,3
DA:89,3
DA:90,3
DA:100,3
DA:104,7
DA:105,7
DA:106,7
DA:107,2
DA:110,2
DA:112,2
DA:123,2
DA:126,0
DA:135,5
DA:136,5
DA:138,5
DA:145,5
DA:152,18
DA:155,18
DA:158,18
DA:159,18
DA:160,11
DA:162,11
DA:173,7
DA:187,2
DA:190,2
DA:191,2
DA:192,1
DA:194,1
DA:201,1
DA:215,4
DA:216,1
DA:220,3
DA:221,3
DA:222,2
DA:224,2
DA:225,1
DA:231,1
DA:234,1
DA:242,2
DA:250,2
DA:251,3
DA:252,2
DA:257,2
DA:258,2
DA:259,1
DA:260,1
DA:261,1
DA:263,1
DA:274,1
DA:287,6
DA:294,2
DA:295,5
DA:296,5
DA:298,0
DA:313,2
DA:316,2
DA:317,2
DA:318,1
DA:319,1
DA:320,1
DA:322,1
DA:330,1
DA:343,30
DA:344,30
DA:347,30
DA:355,20
DA:356,1
DA:359,20
DA:367,20
DA:368,20
DA:372,7
DA:373,7
DA:374,6
DA:375,1
DA:378,5
DA:379,5
DA:380,3
DA:381,3
DA:384,2
DA:386,1
DA:392,1
DA:397,18
DA:405,18
DA:408,18
DA:415,18
DA:419,9
DA:420,9
DA:424,1
DA:425,1
DA:427,1
DA:428,3
DA:429,2
DA:430,2
DA:434,1
DA:435,1
DA:436,1
DA:441,8
DA:442,11
DA:445,8
DA:450,21
DA:451,34
DA:453,21
DA:457,29
DA:458,0
DA:463,0
DA:465,0
DA:466,0
DA:467,0
DA:468,0
DA:472,0
DA:473,0
DA:474,0
LF:123
LH:112
BRDA:43,0,0,27
BRDA:48,1,0,29
BRDA:48,1,1,29
BRDA:87,2,0,3
BRDA:87,3,0,10
BRDA:87,3,1,4
BRDA:106,4,0,2
BRDA:129,5,0,0
BRDA:129,5,1,0
BRDA:152,6,0,18
BRDA:152,6,1,14
BRDA:176,7,0,7
BRDA:176,7,1,0
BRDA:204,8,0,1
BRDA:204,8,1,0
BRDA:215,9,0,1
BRDA:224,10,0,1
BRDA:237,11,0,1
BRDA:237,11,1,0
BRDA:251,12,0,2
BRDA:259,13,0,1
BRDA:277,14,0,1
BRDA:277,14,1,0
BRDA:301,15,0,0
BRDA:301,15,1,0
BRDA:318,16,0,1
BRDA:333,17,0,1
BRDA:333,17,1,0
BRDA:343,18,0,30
BRDA:355,19,0,1
BRDA:374,20,0,1
BRDA:379,21,0,3
BRDA:389,22,0,1
BRDA:389,22,1,0
BRDA:408,23,0,0
BRDA:409,24,0,18
BRDA:409,24,1,18
BRDA:428,25,0,2
BRDA:434,26,0,1
BRDA:446,27,0,8
BRDA:446,27,1,0
BRDA:466,28,0,0
BRDA:472,29,0,0
BRF:43
BRH:29
end_of_record
TN:
SF:src/services/database-optimizer.ts
FN:60,(anonymous_0)
FN:128,(anonymous_1)
FN:178,(anonymous_2)
FN:185,(anonymous_3)
FN:216,(anonymous_4)
FN:246,(anonymous_5)
FN:284,(anonymous_6)
FN:309,(anonymous_7)
FN:339,(anonymous_8)
FN:387,(anonymous_9)
FN:398,(anonymous_10)
FN:399,(anonymous_11)
FN:404,(anonymous_12)
FN:408,(anonymous_13)
FN:418,(anonymous_14)
FN:419,(anonymous_15)
FN:434,(anonymous_16)
FN:460,(anonymous_17)
FN:481,(anonymous_18)
FN:489,(anonymous_19)
FN:506,(anonymous_20)
FN:509,(anonymous_21)
FN:517,(anonymous_22)
FN:535,(anonymous_23)
FN:536,(anonymous_24)
FN:542,(anonymous_25)
FN:564,(anonymous_26)
FN:586,(anonymous_27)
FNF:28
FNH:19
FNDA:14,(anonymous_0)
FNDA:23,(anonymous_1)
FNDA:1,(anonymous_2)
FNDA:0,(anonymous_3)
FNDA:1,(anonymous_4)
FNDA:1,(anonymous_5)
FNDA:1,(anonymous_6)
FNDA:4,(anonymous_7)
FNDA:0,(anonymous_8)
FNDA:1,(anonymous_9)
FNDA:14,(anonymous_10)
FNDA:0,(anonymous_11)
FNDA:0,(anonymous_12)
FNDA:0,(anonymous_13)
FNDA:14,(anonymous_14)
FNDA:0,(anonymous_15)
FNDA:23,(anonymous_16)
FNDA:16,(anonymous_17)
FNDA:4,(anonymous_18)
FNDA:4,(anonymous_19)
FNDA:1,(anonymous_20)
FNDA:1,(anonymous_21)
FNDA:4,(anonymous_22)
FNDA:1,(anonymous_23)
FNDA:0,(anonymous_24)
FNDA:4,(anonymous_25)
FNDA:0,(anonymous_26)
FNDA:0,(anonymous_27)
DA:1,1
DA:52,1
DA:65,14
DA:66,14
DA:79,14
DA:93,14
DA:120,14
DA:121,14
DA:122,14
DA:132,23
DA:133,23
DA:135,23
DA:136,23
DA:137,16
DA:140,16
DA:143,16
DA:144,1
DA:156,16
DA:158,7
DA:160,7
DA:171,7
DA:179,1
DA:190,0
DA:192,0
DA:199,0
DA:200,0
DA:201,0
DA:202,0
DA:205,0
DA:206,0
DA:210,0
DA:217,1
DA:219,1
DA:221,1
DA:222,0
DA:225,0
DA:226,0
DA:228,0
DA:237,1
DA:247,1
DA:248,1
DA:250,1
DA:252,1
DA:253,1
DA:255,0
DA:266,1
DA:277,1
DA:285,1
DA:286,1
DA:288,0
DA:295,1
DA:302,1
DA:310,4
DA:312,4
DA:315,4
DA:318,4
DA:321,4
DA:323,4
DA:325,0
DA:332,0
DA:340,0
DA:342,0
DA:359,0
DA:360,0
DA:361,0
DA:364,0
DA:368,0
DA:375,0
DA:388,1
DA:389,1
DA:392,1
DA:399,14
DA:400,0
DA:401,0
DA:404,14
DA:405,0
DA:408,14
DA:409,0
DA:419,14
DA:420,0
DA:421,0
DA:424,0
DA:435,23
DA:436,23
DA:437,17
DA:439,6
DA:440,1
DA:442,5
DA:443,1
DA:445,4
DA:446,1
DA:448,3
DA:449,1
DA:451,2
DA:452,0
DA:454,2
DA:455,0
DA:457,2
DA:461,16
DA:462,16
DA:467,16
DA:468,1
DA:471,16
DA:472,1
DA:475,16
DA:476,8
DA:478,16
DA:482,4
DA:483,4
DA:484,4
DA:485,4
DA:490,4
DA:491,4
DA:504,3
DA:505,1
DA:506,1
DA:508,1
DA:509,1
DA:518,4
DA:520,4
DA:533,3
DA:534,3
DA:535,1
DA:536,0
DA:543,4
DA:544,4
DA:553,3
DA:554,1
DA:555,1
DA:557,1
DA:565,0
DA:567,0
DA:568,0
DA:570,0
DA:571,0
DA:574,0
DA:575,0
DA:578,0
DA:579,0
DA:583,0
DA:587,0
DA:590,0
DA:591,0
DA:594,0
DA:595,0
DA:598,0
DA:599,0
DA:602,0
LF:148
LH:95
BRDA:62,0,0,0
BRDA:80,1,0,14
BRDA:80,1,1,0
BRDA:82,2,0,0
BRDA:82,2,1,0
BRDA:83,3,0,0
BRDA:83,3,1,0
BRDA:84,4,0,0
BRDA:84,4,1,0
BRDA:85,5,0,0
BRDA:85,5,1,0
BRDA:86,6,0,0
BRDA:86,6,1,0
BRDA:140,7,0,16
BRDA:140,7,1,10
BRDA:143,8,0,1
BRDA:163,9,0,7
BRDA:163,9,1,0
BRDA:167,10,0,7
BRDA:167,10,1,0
BRDA:188,11,0,0
BRDA:190,12,0,0
BRDA:190,13,0,0
BRDA:190,13,1,0
BRDA:231,14,0,0
BRDA:231,14,1,0
BRDA:238,15,0,1
BRDA:238,15,1,0
BRDA:247,16,0,1
BRDA:247,16,1,1
BRDA:269,17,0,1
BRDA:269,17,1,0
BRDA:298,18,0,1
BRDA:298,18,1,0
BRDA:328,19,0,0
BRDA:328,19,1,0
BRDA:378,20,0,0
BRDA:378,20,1,0
BRDA:388,21,0,1
BRDA:427,22,0,0
BRDA:427,22,1,0
BRDA:436,23,0,17
BRDA:439,24,0,1
BRDA:442,25,0,1
BRDA:445,26,0,1
BRDA:448,27,0,1
BRDA:451,28,0,0
BRDA:454,29,0,0
BRDA:467,30,0,1
BRDA:471,31,0,1
BRDA:475,32,0,8
BRDA:504,33,0,1
BRDA:553,34,0,1
BRDA:557,35,0,0
BRDA:557,35,1,1
BRDA:570,36,0,0
BRDA:574,37,0,0
BRDA:578,38,0,0
BRDA:590,39,0,0
BRDA:594,40,0,0
BRDA:598,41,0,0
BRF:61
BRH:23
end_of_record
TN:
SF:src/services/elk-logger.ts
FN:47,(anonymous_1)
FN:52,(anonymous_2)
FN:63,(anonymous_3)
FN:113,(anonymous_4)
FN:121,(anonymous_5)
FN:132,(anonymous_6)
FN:148,(anonymous_7)
FN:162,(anonymous_8)
FN:176,(anonymous_9)
FN:189,(anonymous_10)
FN:208,(anonymous_11)
FN:227,(anonymous_12)
FN:244,(anonymous_13)
FN:257,(anonymous_14)
FN:279,(anonymous_15)
FN:286,(anonymous_16)
FN:287,(anonymous_17)
FN:288,(anonymous_18)
FN:292,(anonymous_19)
FN:330,getELKLogger
FN:337,resetELKLogger
FNF:21
FNH:21
FNDA:45,(anonymous_1)
FNDA:45,(anonymous_2)
FNDA:27,(anonymous_3)
FNDA:3,(anonymous_4)
FNDA:1,(anonymous_5)
FNDA:2,(anonymous_6)
FNDA:2,(anonymous_7)
FNDA:2,(anonymous_8)
FNDA:2,(anonymous_9)
FNDA:1,(anonymous_10)
FNDA:2,(anonymous_11)
FNDA:3,(anonymous_12)
FNDA:3,(anonymous_13)
FNDA:2,(anonymous_14)
FNDA:7,(anonymous_15)
FNDA:39,(anonymous_16)
FNDA:39,(anonymous_17)
FNDA:28,(anonymous_18)
FNDA:11,(anonymous_19)
FNDA:4,getELKLogger
FNDA:135,resetELKLogger
DA:1,3
DA:2,3
DA:43,3
DA:48,45
DA:49,45
DA:53,45
DA:56,45
DA:57,44
DA:64,27
DA:65,27
DA:73,45
DA:74,1
DA:86,45
DA:87,1
DA:98,1
DA:101,45
DA:114,3
DA:122,1
DA:133,2
DA:149,2
DA:163,2
DA:177,2
DA:195,1
DA:214,2
DA:232,3
DA:245,3
DA:264,2
DA:280,7
DA:287,39
DA:288,39
DA:289,28
DA:292,39
DA:293,11
DA:294,11
DA:296,39
DA:302,3
DA:328,3
DA:330,3
DA:331,4
DA:332,3
DA:334,4
DA:337,3
DA:338,135
DA:339,3
DA:340,3
LF:45
LH:45
BRDA:56,0,0,44
BRDA:64,1,0,27
BRDA:64,1,1,0
BRDA:73,2,0,1
BRDA:73,3,0,45
BRDA:73,3,1,1
BRDA:78,4,0,1
BRDA:78,4,1,0
BRDA:79,5,0,1
BRDA:79,5,1,0
BRDA:86,6,0,1
BRDA:304,7,0,3
BRDA:304,7,1,3
BRDA:308,8,0,0
BRDA:308,8,1,3
BRDA:311,9,0,0
BRDA:311,9,1,0
BRDA:318,10,0,3
BRDA:318,10,1,3
BRDA:322,11,0,3
BRDA:322,11,1,3
BRDA:323,12,0,3
BRDA:323,12,1,3
BRDA:324,13,0,3
BRDA:324,13,1,3
BRDA:331,14,0,3
BRDA:332,15,0,3
BRDA:332,15,1,0
BRDA:338,16,0,3
BRF:29
BRH:22
end_of_record
TN:
SF:src/services/prometheus-metrics.ts
FN:52,(anonymous_0)
FN:64,(anonymous_1)
FN:204,(anonymous_2)
FN:218,(anonymous_3)
FN:236,(anonymous_4)
FN:254,(anonymous_5)
FN:261,(anonymous_6)
FN:268,(anonymous_7)
FN:275,(anonymous_8)
FN:282,(anonymous_9)
FN:289,(anonymous_10)
FN:296,(anonymous_11)
FN:303,(anonymous_12)
FN:310,(anonymous_13)
FN:328,(anonymous_14)
FN:336,(anonymous_15)
FN:344,(anonymous_16)
FN:351,(anonymous_17)
FNF:18
FNH:18
FNDA:29,(anonymous_0)
FNDA:29,(anonymous_1)
FNDA:30,(anonymous_2)
FNDA:9,(anonymous_3)
FNDA:5,(anonymous_4)
FNDA:2,(anonymous_5)
FNDA:2,(anonymous_6)
FNDA:3,(anonymous_7)
FNDA:3,(anonymous_8)
FNDA:1,(anonymous_9)
FNDA:3,(anonymous_10)
FNDA:4,(anonymous_11)
FNDA:3,(anonymous_12)
FNDA:4,(anonymous_13)
FNDA:2,(anonymous_14)
FNDA:1,(anonymous_15)
FNDA:28,(anonymous_16)
FNDA:1,(anonymous_17)
DA:6,2
DA:19,2
DA:53,29
DA:56,29
DA:58,29
DA:66,29
DA:73,29
DA:81,29
DA:89,29
DA:97,29
DA:105,29
DA:113,29
DA:121,29
DA:128,29
DA:135,29
DA:143,29
DA:150,29
DA:156,29
DA:165,29
DA:172,29
DA:180,29
DA:187,29
DA:194,29
DA:205,30
DA:207,30
DA:208,30
DA:210,30
DA:211,12
DA:224,9
DA:226,9
DA:227,9
DA:242,5
DA:244,5
DA:245,5
DA:255,2
DA:262,2
DA:269,3
DA:276,3
DA:283,1
DA:290,3
DA:297,4
DA:304,3
DA:311,4
DA:312,4
DA:314,4
DA:315,4
DA:316,4
DA:317,4
DA:319,4
DA:320,4
DA:322,4
DA:329,2
DA:330,2
DA:337,1
DA:338,1
DA:345,28
DA:352,1
DA:357,2
LF:58
LH:58
BRDA:210,0,0,12
BRDA:229,1,0,8
BRDA:229,1,1,1
BRDA:247,2,0,4
BRDA:247,2,1,1
BRF:5
BRH:5
end_of_record
TN:
SF:src/services/session-manager.ts
FN:44,(anonymous_1)
FN:67,(anonymous_2)
FN:145,(anonymous_3)
FN:186,(anonymous_4)
FN:252,(anonymous_5)
FN:279,(anonymous_6)
FN:319,(anonymous_7)
FN:389,(anonymous_8)
FN:443,(anonymous_9)
FN:444,(anonymous_10)
FN:452,(anonymous_11)
FNF:11
FNH:9
FNDA:23,(anonymous_1)
FNDA:2,(anonymous_2)
FNDA:13,(anonymous_3)
FNDA:4,(anonymous_4)
FNDA:3,(anonymous_5)
FNDA:4,(anonymous_6)
FNDA:2,(anonymous_7)
FNDA:0,(anonymous_8)
FNDA:23,(anonymous_9)
FNDA:0,(anonymous_10)
FNDA:24,(anonymous_11)
DA:1,1
DA:2,1
DA:38,1
DA:45,23
DA:46,23
DA:55,23
DA:61,23
DA:75,2
DA:76,2
DA:77,2
DA:78,2
DA:80,2
DA:101,2
DA:103,2
DA:106,1
DA:109,1
DA:112,1
DA:125,1
DA:127,1
DA:138,1
DA:146,13
DA:147,13
DA:149,12
DA:150,3
DA:154,9
DA:157,9
DA:158,1
DA:160,8
DA:163,8
DA:164,1
DA:165,1
DA:168,7
DA:170,2
DA:179,2
DA:191,4
DA:193,4
DA:194,1
DA:197,3
DA:198,3
DA:199,3
DA:201,3
DA:202,2
DA:203,2
DA:204,2
DA:207,3
DA:209,3
DA:212,2
DA:215,2
DA:216,2
DA:219,2
DA:233,2
DA:235,1
DA:245,1
DA:253,3
DA:254,3
DA:256,2
DA:265,1
DA:280,4
DA:282,4
DA:283,1
DA:286,3
DA:287,3
DA:290,3
DA:291,1
DA:292,1
DA:294,1
DA:295,1
DA:298,1
DA:299,1
DA:302,0
DA:313,3
DA:325,2
DA:327,2
DA:328,1
DA:330,1
DA:331,1
DA:332,1
DA:334,1
DA:335,3
DA:337,3
DA:338,3
DA:339,3
DA:342,3
DA:343,0
DA:345,3
DA:346,3
DA:348,3
DA:349,2
DA:350,2
DA:351,2
DA:354,1
DA:358,0
DA:363,1
DA:370,1
DA:377,1
DA:390,0
DA:391,0
DA:392,0
DA:393,0
DA:395,0
DA:396,0
DA:398,0
DA:399,0
DA:400,0
DA:403,0
DA:404,0
DA:406,0
DA:408,0
DA:409,0
DA:410,0
DA:414,0
DA:415,0
DA:420,0
DA:421,0
DA:431,0
DA:444,23
DA:445,0
DA:453,24
DA:454,24
DA:457,24
LF:120
LH:96
BRDA:44,0,0,22
BRDA:47,1,0,23
BRDA:47,1,1,23
BRDA:130,2,0,1
BRDA:130,2,1,0
BRDA:149,3,0,3
BRDA:157,4,0,1
BRDA:163,5,0,1
BRDA:173,6,0,2
BRDA:173,6,1,0
BRDA:193,7,0,1
BRDA:201,8,0,2
BRDA:220,9,0,1
BRDA:220,9,1,1
BRDA:222,10,0,1
BRDA:222,10,1,1
BRDA:238,11,0,1
BRDA:238,11,1,0
BRDA:268,12,0,1
BRDA:268,12,1,0
BRDA:282,13,0,1
BRDA:290,14,0,1
BRDA:305,15,0,0
BRDA:305,15,1,0
BRDA:337,16,0,3
BRDA:342,17,0,0
BRDA:348,18,0,2
BRDA:348,18,1,1
BRDA:350,19,0,2
BRDA:373,20,0,1
BRDA:373,20,1,0
BRDA:398,21,0,0
BRDA:403,22,0,0
BRDA:408,23,0,0
BRDA:420,24,0,0
BRDA:434,25,0,0
BRDA:434,25,1,0
BRDA:453,26,0,24
BRF:38
BRH:24
end_of_record
TN:
SF:src/webhooks/webhook-middleware.ts
FN:16,createWebhookMiddleware
FN:24,(anonymous_1)
FN:54,(anonymous_2)
FN:81,(anonymous_3)
FN:99,(anonymous_4)
FN:123,(anonymous_5)
FN:147,(anonymous_6)
FN:171,(anonymous_7)
FN:189,(anonymous_8)
FN:213,(anonymous_9)
FN:236,(anonymous_10)
FN:253,(anonymous_11)
FNF:12
FNH:11
FNDA:19,createWebhookMiddleware
FNDA:5,(anonymous_1)
FNDA:4,(anonymous_2)
FNDA:2,(anonymous_3)
FNDA:1,(anonymous_4)
FNDA:1,(anonymous_5)
FNDA:1,(anonymous_6)
FNDA:1,(anonymous_7)
FNDA:1,(anonymous_8)
FNDA:0,(anonymous_9)
FNDA:1,(anonymous_10)
FNDA:2,(anonymous_11)
DA:7,1
DA:8,1
DA:16,1
DA:20,19
DA:21,19
DA:24,19
DA:25,5
DA:26,5
DA:28,5
DA:29,1
DA:35,4
DA:36,2
DA:43,2
DA:53,2
DA:54,4
DA:56,2
DA:57,1
DA:66,1
DA:68,1
DA:73,0
DA:81,19
DA:82,2
DA:83,2
DA:84,2
DA:86,2
DA:91,0
DA:99,19
DA:100,1
DA:101,1
DA:103,1
DA:104,1
DA:110,0
DA:115,0
DA:123,19
DA:124,1
DA:125,1
DA:127,1
DA:128,1
DA:134,0
DA:139,0
DA:147,19
DA:148,1
DA:149,1
DA:151,1
DA:152,1
DA:158,0
DA:163,0
DA:171,19
DA:172,1
DA:173,1
DA:174,1
DA:176,1
DA:181,0
DA:189,19
DA:190,1
DA:191,1
DA:193,1
DA:194,1
DA:200,0
DA:205,0
DA:213,19
DA:214,0
DA:215,0
DA:216,0
DA:217,0
DA:223,0
DA:228,0
DA:236,19
DA:237,1
DA:238,1
DA:240,1
DA:245,0
DA:253,19
DA:254,2
DA:255,2
DA:257,2
DA:258,2
DA:264,0
DA:265,0
DA:270,0
DA:277,19
LF:81
LH:60
BRDA:28,0,0,1
BRDA:35,1,0,2
BRDA:35,2,0,4
BRDA:35,2,1,3
BRDA:35,2,2,3
BRDA:56,3,0,1
BRDA:103,4,0,1
BRDA:127,5,0,1
BRDA:151,6,0,1
BRDA:193,7,0,1
BRDA:216,8,0,0
BRDA:257,9,0,2
BRDA:257,10,0,2
BRDA:257,10,1,1
BRF:14
BRH:13
end_of_record
TN:
SF:src/webhooks/webhook-service.ts
FN:39,(anonymous_1)
FN:53,(anonymous_2)
FN:71,(anonymous_3)
FN:78,(anonymous_4)
FN:81,(anonymous_5)
FN:89,(anonymous_6)
FN:108,(anonymous_7)
FN:115,(anonymous_8)
FN:130,(anonymous_9)
FN:143,(anonymous_10)
FN:144,(anonymous_11)
FN:166,(anonymous_12)
FN:203,(anonymous_13)
FN:221,(anonymous_14)
FN:249,(anonymous_15)
FN:279,(anonymous_16)
FN:294,(anonymous_17)
FN:302,(anonymous_18)
FN:309,(anonymous_19)
FN:310,(anonymous_20)
FN:313,(anonymous_21)
FN:322,(anonymous_22)
FN:326,(anonymous_23)
FN:327,(anonymous_24)
FN:329,(anonymous_25)
FN:330,(anonymous_26)
FN:334,(anonymous_27)
FN:346,(anonymous_28)
FNF:28
FNH:21
FNDA:51,(anonymous_1)
FNDA:29,(anonymous_2)
FNDA:4,(anonymous_3)
FNDA:23,(anonymous_4)
FNDA:20,(anonymous_5)
FNDA:5,(anonymous_6)
FNDA:3,(anonymous_7)
FNDA:18,(anonymous_8)
FNDA:3,(anonymous_9)
FNDA:17,(anonymous_10)
FNDA:17,(anonymous_11)
FNDA:16,(anonymous_12)
FNDA:16,(anonymous_13)
FNDA:14,(anonymous_14)
FNDA:0,(anonymous_15)
FNDA:0,(anonymous_16)
FNDA:0,(anonymous_17)
FNDA:3,(anonymous_18)
FNDA:3,(anonymous_19)
FNDA:3,(anonymous_20)
FNDA:1,(anonymous_21)
FNDA:2,(anonymous_22)
FNDA:0,(anonymous_23)
FNDA:0,(anonymous_24)
FNDA:0,(anonymous_25)
FNDA:0,(anonymous_26)
FNDA:2,(anonymous_27)
FNDA:4,(anonymous_28)
DA:11,2
DA:12,2
DA:32,2
DA:33,51
DA:34,51
DA:36,51
DA:37,51
DA:40,51
DA:54,29
DA:64,29
DA:65,29
DA:72,4
DA:79,23
DA:80,23
DA:81,20
DA:83,4
DA:90,5
DA:91,5
DA:92,2
DA:95,3
DA:101,3
DA:102,3
DA:109,3
DA:116,18
DA:117,18
DA:118,18
DA:120,18
DA:131,3
DA:132,3
DA:137,3
DA:144,17
DA:146,17
DA:148,17
DA:149,16
DA:150,16
DA:151,16
DA:152,16
DA:156,17
DA:157,16
DA:160,17
DA:171,16
DA:172,16
DA:173,0
DA:176,16
DA:188,16
DA:204,16
DA:206,16
DA:207,14
DA:208,14
DA:209,0
DA:212,14
DA:215,2
DA:222,14
DA:223,14
DA:224,0
DA:225,0
DA:226,0
DA:229,14
DA:230,14
DA:232,14
DA:233,14
DA:235,14
DA:245,14
DA:247,14
DA:248,14
DA:249,14
DA:251,14
DA:258,0
DA:260,0
DA:261,0
DA:263,0
DA:264,0
DA:265,0
DA:267,0
DA:270,0
DA:271,0
DA:273,0
DA:274,0
DA:275,0
DA:276,0
DA:279,0
DA:280,0
DA:281,0
DA:282,0
DA:286,0
DA:295,0
DA:296,0
DA:303,3
DA:310,3
DA:312,3
DA:313,1
DA:316,2
DA:323,2
DA:324,2
DA:326,2
DA:327,2
DA:328,2
DA:329,0
DA:330,0
DA:332,2
DA:334,2
DA:347,4
DA:348,4
DA:349,3
DA:352,1
DA:353,1
DA:354,1
DA:355,1
DA:357,1
DA:359,1
DA:360,0
DA:363,1
LF:112
LH:84
BRDA:41,0,0,51
BRDA:41,0,1,18
BRDA:42,1,0,51
BRDA:42,1,1,18
BRDA:43,2,0,51
BRDA:43,2,1,18
BRDA:44,3,0,51
BRDA:44,3,1,19
BRDA:46,4,0,51
BRDA:46,4,1,51
BRDA:46,4,2,51
BRDA:58,5,0,29
BRDA:58,5,1,27
BRDA:80,6,0,19
BRDA:91,7,0,2
BRDA:156,8,0,16
BRDA:172,9,0,0
BRDA:208,10,0,0
BRDA:223,11,0,0
BRDA:223,12,0,14
BRDA:223,12,1,14
BRDA:263,13,0,0
BRDA:263,13,1,0
BRDA:273,14,0,0
BRDA:273,14,1,0
BRDA:281,15,0,0
BRDA:312,16,0,1
BRDA:330,17,0,0
BRDA:330,17,1,0
BRDA:338,18,0,0
BRDA:338,18,1,2
BRDA:339,19,0,0
BRDA:339,19,1,2
BRDA:348,20,0,3
BRDA:348,21,0,4
BRDA:348,21,1,2
BRDA:359,22,0,0
BRF:37
BRH:24
end_of_record
